[ 2018-06-14T00:00:17+08:00 ] ::1 /wwwroot/Conversation/index/rid/24/p/2
INFO: [ app_init ] --START--
INFO: Run Behavior\BuildLiteBehavior [ RunTime:0.000000s ]
INFO: Run Common\Behavior\InitHookBehavior [ RunTime:0.002000s ]
INFO: [ app_init ] --END-- [ RunTime:0.002000s ]
INFO: [ app_begin ] --START--
INFO: Run Behavior\ReadHtmlCacheBehavior [ RunTime:0.001000s ]
INFO: [ app_begin ] --END-- [ RunTime:0.001000s ]
NOTIC: [8192] mysql_connect(): The mysql extension is deprecated and will be removed in the future: use mysqli or PDO instead D:\wamp\www\wwwroot\ThinkPHP\Library\Think\Session\Driver\Db.class.php 第 95 行.
SQL: SHOW COLUMNS FROM `ro_robot` [ RunTime:0.0970s ]
SQL: SELECT * FROM `ro_robot` WHERE ( id=24 ) LIMIT 1   [ RunTime:0.0940s ]
SQL: SHOW COLUMNS FROM `ro_chat_cate` [ RunTime:0.1030s ]
SQL: SELECT * FROM `ro_chat_cate` WHERE `uid` = 1 AND `rid` = 24  [ RunTime:0.0990s ]
SQL: SHOW COLUMNS FROM `ro_seixin` [ RunTime:0.0990s ]
SQL: SELECT * FROM `ro_seixin` WHERE `keys` LIKE '%6b909ce7159fb317b970ee844496e850%' ORDER BY uid desc LIMIT 25,25   [ RunTime:0.1090s ]
SQL: SELECT COUNT(*) AS tp_count FROM `ro_seixin` WHERE `keys` LIKE '%6b909ce7159fb317b970ee844496e850%' LIMIT 1   [ RunTime:0.1040s ]
INFO: [ view_parse ] --START--
INFO: [ template_filter ] --START--
INFO: Run Behavior\ContentReplaceBehavior [ RunTime:0.001000s ]
INFO: [ template_filter ] --END-- [ RunTime:0.001000s ]
SQL: SHOW COLUMNS FROM `ro_channel` [ RunTime:0.0960s ]
SQL: SELECT `id`,`pid`,`title`,`url`,`sort`,`create_time`,`update_time`,`status`,`target` FROM `ro_channel` WHERE ( status=1 ) ORDER BY sort  [ RunTime:0.0960s ]
INFO: Run Behavior\ParseTemplateBehavior [ RunTime:0.234013s ]
INFO: [ view_parse ] --END-- [ RunTime:0.234013s ]
INFO: [ view_filter ] --START--
INFO: Run Behavior\WriteHtmlCacheBehavior [ RunTime:0.000000s ]
INFO: [ view_filter ] --END-- [ RunTime:0.000000s ]
INFO: [ app_end ] --START--
INFO: Run Behavior\ShowPageTraceBehavior [ RunTime:0.000000s ]
INFO: [ app_end ] --END-- [ RunTime:0.001000s ]

[ 2018-06-14T00:00:22+08:00 ] ::1 /wwwroot/Conversation/index/rid/24/p/3
INFO: [ app_init ] --START--
INFO: Run Behavior\BuildLiteBehavior [ RunTime:0.000000s ]
INFO: Run Common\Behavior\InitHookBehavior [ RunTime:0.002000s ]
INFO: [ app_init ] --END-- [ RunTime:0.003000s ]
INFO: [ app_begin ] --START--
INFO: Run Behavior\ReadHtmlCacheBehavior [ RunTime:0.000000s ]
INFO: [ app_begin ] --END-- [ RunTime:0.001000s ]
NOTIC: [8192] mysql_connect(): The mysql extension is deprecated and will be removed in the future: use mysqli or PDO instead D:\wamp\www\wwwroot\ThinkPHP\Library\Think\Session\Driver\Db.class.php 第 95 行.
SQL: SHOW COLUMNS FROM `ro_robot` [ RunTime:0.1080s ]
SQL: SELECT * FROM `ro_robot` WHERE ( id=24 ) LIMIT 1   [ RunTime:0.1000s ]
SQL: SHOW COLUMNS FROM `ro_chat_cate` [ RunTime:0.0970s ]
SQL: SELECT * FROM `ro_chat_cate` WHERE `uid` = 1 AND `rid` = 24  [ RunTime:0.0950s ]
SQL: SHOW COLUMNS FROM `ro_seixin` [ RunTime:0.0980s ]
SQL: SELECT * FROM `ro_seixin` WHERE `keys` LIKE '%6b909ce7159fb317b970ee844496e850%' ORDER BY uid desc LIMIT 50,25   [ RunTime:0.1060s ]
SQL: SELECT COUNT(*) AS tp_count FROM `ro_seixin` WHERE `keys` LIKE '%6b909ce7159fb317b970ee844496e850%' LIMIT 1   [ RunTime:0.1050s ]
INFO: [ view_parse ] --START--
INFO: [ template_filter ] --START--
INFO: Run Behavior\ContentReplaceBehavior [ RunTime:0.000000s ]
INFO: [ template_filter ] --END-- [ RunTime:0.000000s ]
SQL: SHOW COLUMNS FROM `ro_channel` [ RunTime:0.1010s ]
SQL: SELECT `id`,`pid`,`title`,`url`,`sort`,`create_time`,`update_time`,`status`,`target` FROM `ro_channel` WHERE ( status=1 ) ORDER BY sort  [ RunTime:0.1030s ]
INFO: Run Behavior\ParseTemplateBehavior [ RunTime:0.244014s ]
INFO: [ view_parse ] --END-- [ RunTime:0.244014s ]
INFO: [ view_filter ] --START--
INFO: Run Behavior\WriteHtmlCacheBehavior [ RunTime:0.001000s ]
INFO: [ view_filter ] --END-- [ RunTime:0.001000s ]
INFO: [ app_end ] --START--
INFO: Run Behavior\ShowPageTraceBehavior [ RunTime:0.001000s ]
INFO: [ app_end ] --END-- [ RunTime:0.001000s ]

[ 2018-06-14T00:00:47+08:00 ] ::1 /wwwroot/Conversation/index/rid/24/p/3
INFO: [ app_init ] --START--
INFO: Run Behavior\BuildLiteBehavior [ RunTime:0.000000s ]
INFO: Run Common\Behavior\InitHookBehavior [ RunTime:0.002000s ]
INFO: [ app_init ] --END-- [ RunTime:0.002000s ]
INFO: [ app_begin ] --START--
INFO: Run Behavior\ReadHtmlCacheBehavior [ RunTime:0.000000s ]
INFO: [ app_begin ] --END-- [ RunTime:0.000000s ]
NOTIC: [8192] mysql_connect(): The mysql extension is deprecated and will be removed in the future: use mysqli or PDO instead D:\wamp\www\wwwroot\ThinkPHP\Library\Think\Session\Driver\Db.class.php 第 95 行.
SQL: SHOW COLUMNS FROM `ro_robot` [ RunTime:0.0990s ]
SQL: SELECT * FROM `ro_robot` WHERE ( id=24 ) LIMIT 1   [ RunTime:0.1170s ]
SQL: SHOW COLUMNS FROM `ro_chat_cate` [ RunTime:0.1020s ]
SQL: SELECT * FROM `ro_chat_cate` WHERE `uid` = 1 AND `rid` = 24  [ RunTime:0.0920s ]
SQL: SHOW COLUMNS FROM `ro_seixin` [ RunTime:0.1100s ]
SQL: SELECT * FROM `ro_seixin` WHERE `keys` LIKE '%6b909ce7159fb317b970ee844496e850%' ORDER BY uid desc LIMIT 50,25   [ RunTime:0.1080s ]
SQL: SELECT COUNT(*) AS tp_count FROM `ro_seixin` WHERE `keys` LIKE '%6b909ce7159fb317b970ee844496e850%' LIMIT 1   [ RunTime:0.1010s ]
INFO: [ view_parse ] --START--
INFO: [ template_filter ] --START--
INFO: Run Behavior\ContentReplaceBehavior [ RunTime:0.000000s ]
INFO: [ template_filter ] --END-- [ RunTime:0.000000s ]
SQL: SHOW COLUMNS FROM `ro_channel` [ RunTime:0.0960s ]
SQL: SELECT `id`,`pid`,`title`,`url`,`sort`,`create_time`,`update_time`,`status`,`target` FROM `ro_channel` WHERE ( status=1 ) ORDER BY sort  [ RunTime:0.0990s ]
INFO: Run Behavior\ParseTemplateBehavior [ RunTime:0.250014s ]
INFO: [ view_parse ] --END-- [ RunTime:0.250014s ]
INFO: [ view_filter ] --START--
INFO: Run Behavior\WriteHtmlCacheBehavior [ RunTime:0.001001s ]
INFO: [ view_filter ] --END-- [ RunTime:0.002001s ]
INFO: [ app_end ] --START--
INFO: Run Behavior\ShowPageTraceBehavior [ RunTime:0.002000s ]
INFO: [ app_end ] --END-- [ RunTime:0.002000s ]

[ 2018-06-14T00:01:40+08:00 ] ::1 /wwwroot/Conversation/index/rid/24/p/3
INFO: [ app_init ] --START--
INFO: Run Behavior\BuildLiteBehavior [ RunTime:0.000000s ]
INFO: Run Common\Behavior\InitHookBehavior [ RunTime:0.001000s ]
INFO: [ app_init ] --END-- [ RunTime:0.003001s ]
INFO: [ app_begin ] --START--
INFO: Run Behavior\ReadHtmlCacheBehavior [ RunTime:0.000000s ]
INFO: [ app_begin ] --END-- [ RunTime:0.001000s ]
NOTIC: [8192] mysql_connect(): The mysql extension is deprecated and will be removed in the future: use mysqli or PDO instead D:\wamp\www\wwwroot\ThinkPHP\Library\Think\Session\Driver\Db.class.php 第 95 行.
SQL: SHOW COLUMNS FROM `ro_robot` [ RunTime:0.0980s ]
SQL: SELECT * FROM `ro_robot` WHERE ( id=24 ) LIMIT 1   [ RunTime:0.5030s ]
SQL: SHOW COLUMNS FROM `ro_chat_cate` [ RunTime:0.1010s ]
SQL: SELECT * FROM `ro_chat_cate` WHERE `uid` = 1 AND `rid` = 24  [ RunTime:0.0990s ]
SQL: SHOW COLUMNS FROM `ro_seixin` [ RunTime:0.0950s ]
SQL: SELECT * FROM `ro_seixin` WHERE `keys` LIKE '%6b909ce7159fb317b970ee844496e850%' ORDER BY uid desc LIMIT 50,25   [ RunTime:0.1090s ]
SQL: SELECT COUNT(*) AS tp_count FROM `ro_seixin` WHERE `keys` LIKE '%6b909ce7159fb317b970ee844496e850%' LIMIT 1   [ RunTime:0.1030s ]
INFO: [ view_parse ] --START--
INFO: [ template_filter ] --START--
INFO: Run Behavior\ContentReplaceBehavior [ RunTime:0.000000s ]
INFO: [ template_filter ] --END-- [ RunTime:0.001000s ]
SQL: SHOW COLUMNS FROM `ro_channel` [ RunTime:0.0990s ]
SQL: SELECT `id`,`pid`,`title`,`url`,`sort`,`create_time`,`update_time`,`status`,`target` FROM `ro_channel` WHERE ( status=1 ) ORDER BY sort  [ RunTime:0.1110s ]
INFO: Run Behavior\ParseTemplateBehavior [ RunTime:0.259015s ]
INFO: [ view_parse ] --END-- [ RunTime:0.259015s ]
INFO: [ view_filter ] --START--
INFO: Run Behavior\WriteHtmlCacheBehavior [ RunTime:0.001000s ]
INFO: [ view_filter ] --END-- [ RunTime:0.001000s ]
INFO: [ app_end ] --START--
INFO: Run Behavior\ShowPageTraceBehavior [ RunTime:0.001000s ]
INFO: [ app_end ] --END-- [ RunTime:0.002000s ]

[ 2018-06-14T00:01:51+08:00 ] ::1 /wwwroot/Conversation/index/rid/24/p/3
INFO: [ app_init ] --START--
INFO: Run Behavior\BuildLiteBehavior [ RunTime:0.000000s ]
INFO: Run Common\Behavior\InitHookBehavior [ RunTime:0.002001s ]
INFO: [ app_init ] --END-- [ RunTime:0.003001s ]
INFO: [ app_begin ] --START--
INFO: Run Behavior\ReadHtmlCacheBehavior [ RunTime:0.001000s ]
INFO: [ app_begin ] --END-- [ RunTime:0.001000s ]
NOTIC: [8192] mysql_connect(): The mysql extension is deprecated and will be removed in the future: use mysqli or PDO instead D:\wamp\www\wwwroot\ThinkPHP\Library\Think\Session\Driver\Db.class.php 第 95 行.
SQL: SHOW COLUMNS FROM `ro_robot` [ RunTime:0.0960s ]
SQL: SELECT * FROM `ro_robot` WHERE ( id=24 ) LIMIT 1   [ RunTime:0.0920s ]
SQL: SHOW COLUMNS FROM `ro_chat_cate` [ RunTime:0.0940s ]
SQL: SELECT * FROM `ro_chat_cate` WHERE `uid` = 1 AND `rid` = 24  [ RunTime:0.0990s ]
SQL: SHOW COLUMNS FROM `ro_seixin` [ RunTime:0.0940s ]
SQL: SELECT * FROM `ro_seixin` WHERE `keys` LIKE '%6b909ce7159fb317b970ee844496e850%' ORDER BY uid desc LIMIT 50,25   [ RunTime:0.1090s ]
SQL: SELECT COUNT(*) AS tp_count FROM `ro_seixin` WHERE `keys` LIKE '%6b909ce7159fb317b970ee844496e850%' LIMIT 1   [ RunTime:0.0960s ]
INFO: [ view_parse ] --START--
INFO: [ template_filter ] --START--
INFO: Run Behavior\ContentReplaceBehavior [ RunTime:0.001000s ]
INFO: [ template_filter ] --END-- [ RunTime:0.001000s ]
SQL: SHOW COLUMNS FROM `ro_channel` [ RunTime:0.0970s ]
SQL: SELECT `id`,`pid`,`title`,`url`,`sort`,`create_time`,`update_time`,`status`,`target` FROM `ro_channel` WHERE ( status=1 ) ORDER BY sort  [ RunTime:0.0970s ]
INFO: Run Behavior\ParseTemplateBehavior [ RunTime:0.238013s ]
INFO: [ view_parse ] --END-- [ RunTime:0.239013s ]
INFO: [ view_filter ] --START--
INFO: Run Behavior\WriteHtmlCacheBehavior [ RunTime:0.001000s ]
INFO: [ view_filter ] --END-- [ RunTime:0.002000s ]
INFO: [ app_end ] --START--
INFO: Run Behavior\ShowPageTraceBehavior [ RunTime:0.001000s ]
INFO: [ app_end ] --END-- [ RunTime:0.002000s ]

[ 2018-06-14T00:02:28+08:00 ] ::1 /wwwroot/Conversation/index/rid/24/p/3
INFO: [ app_init ] --START--
INFO: Run Behavior\BuildLiteBehavior [ RunTime:0.000000s ]
INFO: Run Common\Behavior\InitHookBehavior [ RunTime:0.001000s ]
INFO: [ app_init ] --END-- [ RunTime:0.002000s ]
INFO: [ app_begin ] --START--
INFO: Run Behavior\ReadHtmlCacheBehavior [ RunTime:0.001000s ]
INFO: [ app_begin ] --END-- [ RunTime:0.001000s ]
NOTIC: [8192] mysql_connect(): The mysql extension is deprecated and will be removed in the future: use mysqli or PDO instead D:\wamp\www\wwwroot\ThinkPHP\Library\Think\Session\Driver\Db.class.php 第 95 行.
SQL: SHOW COLUMNS FROM `ro_robot` [ RunTime:0.1020s ]
SQL: SELECT * FROM `ro_robot` WHERE ( id=24 ) LIMIT 1   [ RunTime:0.0940s ]
SQL: SHOW COLUMNS FROM `ro_chat_cate` [ RunTime:0.0980s ]
SQL: SELECT * FROM `ro_chat_cate` WHERE `uid` = 1 AND `rid` = 24  [ RunTime:0.0960s ]
SQL: SHOW COLUMNS FROM `ro_seixin` [ RunTime:0.0970s ]
SQL: SELECT * FROM `ro_seixin` WHERE `keys` LIKE '%6b909ce7159fb317b970ee844496e850%' ORDER BY uid desc LIMIT 50,25   [ RunTime:0.1070s ]
SQL: SELECT COUNT(*) AS tp_count FROM `ro_seixin` WHERE `keys` LIKE '%6b909ce7159fb317b970ee844496e850%' LIMIT 1   [ RunTime:0.1100s ]
INFO: [ view_parse ] --START--
INFO: [ template_filter ] --START--
INFO: Run Behavior\ContentReplaceBehavior [ RunTime:0.000000s ]
INFO: [ template_filter ] --END-- [ RunTime:0.001000s ]
SQL: SHOW COLUMNS FROM `ro_channel` [ RunTime:0.1030s ]
SQL: SELECT `id`,`pid`,`title`,`url`,`sort`,`create_time`,`update_time`,`status`,`target` FROM `ro_channel` WHERE ( status=1 ) ORDER BY sort  [ RunTime:0.1060s ]
INFO: Run Behavior\ParseTemplateBehavior [ RunTime:0.269015s ]
INFO: [ view_parse ] --END-- [ RunTime:0.269015s ]
INFO: [ view_filter ] --START--
INFO: Run Behavior\WriteHtmlCacheBehavior [ RunTime:0.001000s ]
INFO: [ view_filter ] --END-- [ RunTime:0.001000s ]
INFO: [ app_end ] --START--
INFO: Run Behavior\ShowPageTraceBehavior [ RunTime:0.001000s ]
INFO: [ app_end ] --END-- [ RunTime:0.001000s ]

[ 2018-06-14T00:03:41+08:00 ] ::1 /wwwroot/Conversation/index/rid/24/p/2
INFO: [ app_init ] --START--
INFO: Run Behavior\BuildLiteBehavior [ RunTime:0.000000s ]
INFO: Run Common\Behavior\InitHookBehavior [ RunTime:0.003000s ]
INFO: [ app_init ] --END-- [ RunTime:0.003000s ]
INFO: [ app_begin ] --START--
INFO: Run Behavior\ReadHtmlCacheBehavior [ RunTime:0.000000s ]
INFO: [ app_begin ] --END-- [ RunTime:0.001000s ]
NOTIC: [8192] mysql_connect(): The mysql extension is deprecated and will be removed in the future: use mysqli or PDO instead D:\wamp\www\wwwroot\ThinkPHP\Library\Think\Session\Driver\Db.class.php 第 95 行.
SQL: SHOW COLUMNS FROM `ro_robot` [ RunTime:0.1020s ]
SQL: SELECT * FROM `ro_robot` WHERE ( id=24 ) LIMIT 1   [ RunTime:0.0970s ]
SQL: SHOW COLUMNS FROM `ro_chat_cate` [ RunTime:0.0960s ]
SQL: SELECT * FROM `ro_chat_cate` WHERE `uid` = 1 AND `rid` = 24  [ RunTime:0.1020s ]
SQL: SHOW COLUMNS FROM `ro_seixin` [ RunTime:0.0990s ]
SQL: SELECT * FROM `ro_seixin` WHERE `keys` LIKE '%6b909ce7159fb317b970ee844496e850%' ORDER BY uid desc LIMIT 25,25   [ RunTime:0.1100s ]
SQL: SELECT COUNT(*) AS tp_count FROM `ro_seixin` WHERE `keys` LIKE '%6b909ce7159fb317b970ee844496e850%' LIMIT 1   [ RunTime:0.1030s ]
INFO: [ view_parse ] --START--
INFO: [ template_filter ] --START--
INFO: Run Behavior\ContentReplaceBehavior [ RunTime:0.000000s ]
INFO: [ template_filter ] --END-- [ RunTime:0.000000s ]
SQL: SHOW COLUMNS FROM `ro_channel` [ RunTime:0.1030s ]
SQL: SELECT `id`,`pid`,`title`,`url`,`sort`,`create_time`,`update_time`,`status`,`target` FROM `ro_channel` WHERE ( status=1 ) ORDER BY sort  [ RunTime:0.0970s ]
INFO: Run Behavior\ParseTemplateBehavior [ RunTime:0.241014s ]
INFO: [ view_parse ] --END-- [ RunTime:0.242014s ]
INFO: [ view_filter ] --START--
INFO: Run Behavior\WriteHtmlCacheBehavior [ RunTime:0.001000s ]
INFO: [ view_filter ] --END-- [ RunTime:0.001000s ]
INFO: [ app_end ] --START--
INFO: Run Behavior\ShowPageTraceBehavior [ RunTime:0.001000s ]
INFO: [ app_end ] --END-- [ RunTime:0.001000s ]

[ 2018-06-14T00:03:52+08:00 ] ::1 /wwwroot/Conversation/index/rid/24/p/1
INFO: [ app_init ] --START--
INFO: Run Behavior\BuildLiteBehavior [ RunTime:0.000000s ]
INFO: Run Common\Behavior\InitHookBehavior [ RunTime:0.003000s ]
INFO: [ app_init ] --END-- [ RunTime:0.004000s ]
INFO: [ app_begin ] --START--
INFO: Run Behavior\ReadHtmlCacheBehavior [ RunTime:0.001000s ]
INFO: [ app_begin ] --END-- [ RunTime:0.001000s ]
NOTIC: [8192] mysql_connect(): The mysql extension is deprecated and will be removed in the future: use mysqli or PDO instead D:\wamp\www\wwwroot\ThinkPHP\Library\Think\Session\Driver\Db.class.php 第 95 行.
SQL: SHOW COLUMNS FROM `ro_robot` [ RunTime:0.1050s ]
SQL: SELECT * FROM `ro_robot` WHERE ( id=24 ) LIMIT 1   [ RunTime:0.1090s ]
SQL: SHOW COLUMNS FROM `ro_chat_cate` [ RunTime:0.4090s ]
SQL: SELECT * FROM `ro_chat_cate` WHERE `uid` = 1 AND `rid` = 24  [ RunTime:0.1090s ]
SQL: SHOW COLUMNS FROM `ro_seixin` [ RunTime:0.1030s ]
SQL: SELECT * FROM `ro_seixin` WHERE `keys` LIKE '%6b909ce7159fb317b970ee844496e850%' ORDER BY uid desc LIMIT 0,25   [ RunTime:0.2420s ]
SQL: SELECT COUNT(*) AS tp_count FROM `ro_seixin` WHERE `keys` LIKE '%6b909ce7159fb317b970ee844496e850%' LIMIT 1   [ RunTime:0.1130s ]
INFO: [ view_parse ] --START--
INFO: [ template_filter ] --START--
INFO: Run Behavior\ContentReplaceBehavior [ RunTime:0.000000s ]
INFO: [ template_filter ] --END-- [ RunTime:0.000000s ]
SQL: SHOW COLUMNS FROM `ro_channel` [ RunTime:0.1050s ]
SQL: SELECT `id`,`pid`,`title`,`url`,`sort`,`create_time`,`update_time`,`status`,`target` FROM `ro_channel` WHERE ( status=1 ) ORDER BY sort  [ RunTime:0.1090s ]
INFO: Run Behavior\ParseTemplateBehavior [ RunTime:0.271015s ]
INFO: [ view_parse ] --END-- [ RunTime:0.271015s ]
INFO: [ view_filter ] --START--
INFO: Run Behavior\WriteHtmlCacheBehavior [ RunTime:0.000000s ]
INFO: [ view_filter ] --END-- [ RunTime:0.000000s ]
INFO: [ app_end ] --START--
INFO: Run Behavior\ShowPageTraceBehavior [ RunTime:0.001000s ]
INFO: [ app_end ] --END-- [ RunTime:0.001000s ]

[ 2018-06-14T00:04:14+08:00 ] ::1 /wwwroot/Conversation/index/rid/24/p/1
INFO: [ app_init ] --START--
INFO: Run Behavior\BuildLiteBehavior [ RunTime:0.000000s ]
INFO: Run Common\Behavior\InitHookBehavior [ RunTime:0.003001s ]
INFO: [ app_init ] --END-- [ RunTime:0.004001s ]
INFO: [ app_begin ] --START--
INFO: Run Behavior\ReadHtmlCacheBehavior [ RunTime:0.000000s ]
INFO: [ app_begin ] --END-- [ RunTime:0.000000s ]
NOTIC: [8192] mysql_connect(): The mysql extension is deprecated and will be removed in the future: use mysqli or PDO instead D:\wamp\www\wwwroot\ThinkPHP\Library\Think\Session\Driver\Db.class.php 第 95 行.
SQL: SHOW COLUMNS FROM `ro_robot` [ RunTime:0.0950s ]
SQL: SELECT * FROM `ro_robot` WHERE ( id=24 ) LIMIT 1   [ RunTime:0.1060s ]
SQL: SHOW COLUMNS FROM `ro_chat_cate` [ RunTime:0.1070s ]
SQL: SELECT * FROM `ro_chat_cate` WHERE `uid` = 1 AND `rid` = 24  [ RunTime:0.0970s ]
SQL: SHOW COLUMNS FROM `ro_seixin` [ RunTime:0.1030s ]
SQL: SELECT * FROM `ro_seixin` WHERE `keys` LIKE '%6b909ce7159fb317b970ee844496e850%' ORDER BY uid desc LIMIT 0,25   [ RunTime:0.1070s ]
SQL: SELECT COUNT(*) AS tp_count FROM `ro_seixin` WHERE `keys` LIKE '%6b909ce7159fb317b970ee844496e850%' LIMIT 1   [ RunTime:0.1060s ]
INFO: [ view_parse ] --START--
INFO: [ template_filter ] --START--
INFO: Run Behavior\ContentReplaceBehavior [ RunTime:0.000000s ]
INFO: [ template_filter ] --END-- [ RunTime:0.000000s ]
SQL: SHOW COLUMNS FROM `ro_channel` [ RunTime:0.1140s ]
SQL: SELECT `id`,`pid`,`title`,`url`,`sort`,`create_time`,`update_time`,`status`,`target` FROM `ro_channel` WHERE ( status=1 ) ORDER BY sort  [ RunTime:0.1070s ]
INFO: Run Behavior\ParseTemplateBehavior [ RunTime:0.275016s ]
INFO: [ view_parse ] --END-- [ RunTime:0.275016s ]
INFO: [ view_filter ] --START--
INFO: Run Behavior\WriteHtmlCacheBehavior [ RunTime:0.001000s ]
INFO: [ view_filter ] --END-- [ RunTime:0.001000s ]
INFO: [ app_end ] --START--
INFO: Run Behavior\ShowPageTraceBehavior [ RunTime:0.002000s ]
INFO: [ app_end ] --END-- [ RunTime:0.002000s ]

