[ 2018-06-13T22:18:30+08:00 ] ::1 /wwwroot/api
INFO: [ app_init ] --START--
INFO: Run Behavior\BuildLiteBehavior [ RunTime:0.000000s ]
INFO: Run Common\Behavior\InitHookBehavior [ RunTime:0.002000s ]
INFO: [ app_init ] --END-- [ RunTime:0.004000s ]
INFO: [ app_begin ] --START--
INFO: Run Behavior\ReadHtmlCacheBehavior [ RunTime:0.000000s ]
INFO: [ app_begin ] --END-- [ RunTime:0.001000s ]
NOTIC: [8192] mysql_connect(): The mysql extension is deprecated and will be removed in the future: use mysqli or PDO instead D:\wamp\www\wwwroot\ThinkPHP\Library\Think\Session\Driver\Db.class.php 第 95 行.
NOTIC: [8] Undefined index: key D:\wamp\www\wwwroot\Application\Api\Controller\IndexController.class.php 第 10 行.
NOTIC: [8] Undefined index: msg D:\wamp\www\wwwroot\Application\Api\Controller\IndexController.class.php 第 12 行.
NOTIC: [8] Use of undefined constant msg - assumed 'msg' D:\wamp\www\wwwroot\Application\Api\Controller\IndexController.class.php 第 15 行.
NOTIC: [8] Undefined index: msg D:\wamp\www\wwwroot\Application\Api\Controller\IndexController.class.php 第 15 行.
SQL: SHOW COLUMNS FROM `ro_chat` [ RunTime:0.1290s ]
SQL: SELECT `ask`,`answer` FROM `ro_chat` WHERE `keys` LIKE '%%'  [ RunTime:0.7070s ]
NOTIC: [8] Undefined variable: arr D:\wamp\www\wwwroot\Application\Api\Controller\IndexController.class.php 第 39 行.
NOTIC: [2] array_rand() expects parameter 1 to be array, null given D:\wamp\www\wwwroot\Application\Api\Controller\IndexController.class.php 第 39 行.
NOTIC: [8] Undefined variable: arr D:\wamp\www\wwwroot\Application\Api\Controller\IndexController.class.php 第 41 行.
SQL: SHOW COLUMNS FROM `ro_conversation` [ RunTime:0.1240s ]
SQL: INSERT INTO `ro_conversation` (`uid`,`time`) VALUES ('rainbow','2018-06-13 10:06:29') [ RunTime:0.1020s ]
NOTIC: [8] Undefined variable: arr D:\wamp\www\wwwroot\Application\Api\Controller\IndexController.class.php 第 42 行.
INFO: [ app_end ] --START--
INFO: Run Behavior\ShowPageTraceBehavior [ RunTime:0.019001s ]
INFO: [ app_end ] --END-- [ RunTime:0.020001s ]

[ 2018-06-13T22:20:39+08:00 ] ::1 /wwwroot/api
INFO: [ app_init ] --START--
INFO: Run Behavior\BuildLiteBehavior [ RunTime:0.000000s ]
INFO: Run Common\Behavior\InitHookBehavior [ RunTime:0.003001s ]
INFO: [ app_init ] --END-- [ RunTime:0.003001s ]
INFO: [ app_begin ] --START--
INFO: Run Behavior\ReadHtmlCacheBehavior [ RunTime:0.001000s ]
INFO: [ app_begin ] --END-- [ RunTime:0.001000s ]
NOTIC: [8192] mysql_connect(): The mysql extension is deprecated and will be removed in the future: use mysqli or PDO instead D:\wamp\www\wwwroot\ThinkPHP\Library\Think\Session\Driver\Db.class.php 第 95 行.
NOTIC: [8] Undefined index: key D:\wamp\www\wwwroot\Application\Api\Controller\IndexController.class.php 第 10 行.
NOTIC: [8] Undefined index: msg D:\wamp\www\wwwroot\Application\Api\Controller\IndexController.class.php 第 12 行.
NOTIC: [8] Use of undefined constant msg - assumed 'msg' D:\wamp\www\wwwroot\Application\Api\Controller\IndexController.class.php 第 15 行.
NOTIC: [8] Undefined index: msg D:\wamp\www\wwwroot\Application\Api\Controller\IndexController.class.php 第 15 行.
NOTIC: [8] Undefined variable: arr D:\wamp\www\wwwroot\Application\Api\Controller\IndexController.class.php 第 39 行.
NOTIC: [2] array_rand() expects parameter 1 to be array, null given D:\wamp\www\wwwroot\Application\Api\Controller\IndexController.class.php 第 39 行.
NOTIC: [8] Undefined variable: arr D:\wamp\www\wwwroot\Application\Api\Controller\IndexController.class.php 第 41 行.
SQL: SHOW COLUMNS FROM `ro_conversation` [ RunTime:0.1810s ]
SQL: INSERT INTO `ro_conversation` (`uid`,`time`) VALUES ('rainbow','2018-06-13 10:06:39') [ RunTime:0.1050s ]
NOTIC: [8] Undefined variable: arr D:\wamp\www\wwwroot\Application\Api\Controller\IndexController.class.php 第 42 行.
INFO: [ app_end ] --START--
INFO: Run Behavior\ShowPageTraceBehavior [ RunTime:0.002000s ]
INFO: [ app_end ] --END-- [ RunTime:0.003000s ]

[ 2018-06-13T22:21:14+08:00 ] ::1 /wwwroot/api
INFO: [ app_init ] --START--
INFO: Run Behavior\BuildLiteBehavior [ RunTime:0.000000s ]
INFO: Run Common\Behavior\InitHookBehavior [ RunTime:0.001000s ]
INFO: [ app_init ] --END-- [ RunTime:0.003000s ]
INFO: [ app_begin ] --START--
INFO: Run Behavior\ReadHtmlCacheBehavior [ RunTime:0.001000s ]
INFO: [ app_begin ] --END-- [ RunTime:0.002000s ]
NOTIC: [8192] mysql_connect(): The mysql extension is deprecated and will be removed in the future: use mysqli or PDO instead D:\wamp\www\wwwroot\ThinkPHP\Library\Think\Session\Driver\Db.class.php 第 95 行.
NOTIC: [8] Undefined index: key D:\wamp\www\wwwroot\Application\Api\Controller\IndexController.class.php 第 10 行.
NOTIC: [8] Undefined index: msg D:\wamp\www\wwwroot\Application\Api\Controller\IndexController.class.php 第 12 行.
NOTIC: [8] Use of undefined constant msg - assumed 'msg' D:\wamp\www\wwwroot\Application\Api\Controller\IndexController.class.php 第 15 行.
NOTIC: [8] Undefined index: msg D:\wamp\www\wwwroot\Application\Api\Controller\IndexController.class.php 第 15 行.
NOTIC: [8] Undefined variable: arr D:\wamp\www\wwwroot\Application\Api\Controller\IndexController.class.php 第 39 行.
NOTIC: [2] array_rand() expects parameter 1 to be array, null given D:\wamp\www\wwwroot\Application\Api\Controller\IndexController.class.php 第 39 行.
NOTIC: [8] Undefined variable: arr D:\wamp\www\wwwroot\Application\Api\Controller\IndexController.class.php 第 41 行.
SQL: SHOW COLUMNS FROM `ro_conversation` [ RunTime:0.1020s ]
SQL: INSERT INTO `ro_conversation` (`uid`,`time`) VALUES ('rainbow','2018-06-13 10:06:14') [ RunTime:0.1030s ]
NOTIC: [8] Undefined variable: arr D:\wamp\www\wwwroot\Application\Api\Controller\IndexController.class.php 第 42 行.
INFO: [ app_end ] --START--
INFO: Run Behavior\ShowPageTraceBehavior [ RunTime:0.002000s ]
INFO: [ app_end ] --END-- [ RunTime:0.002000s ]

[ 2018-06-13T22:28:36+08:00 ] ::1 /wwwroot/api
INFO: [ app_init ] --START--
INFO: Run Behavior\BuildLiteBehavior [ RunTime:0.000000s ]
INFO: Run Common\Behavior\InitHookBehavior [ RunTime:0.002000s ]
INFO: [ app_init ] --END-- [ RunTime:0.003000s ]
INFO: [ app_begin ] --START--
INFO: Run Behavior\ReadHtmlCacheBehavior [ RunTime:0.000000s ]
INFO: [ app_begin ] --END-- [ RunTime:0.001000s ]
NOTIC: [8192] mysql_connect(): The mysql extension is deprecated and will be removed in the future: use mysqli or PDO instead D:\wamp\www\wwwroot\ThinkPHP\Library\Think\Session\Driver\Db.class.php 第 95 行.
NOTIC: [8] Undefined index: key D:\wamp\www\wwwroot\Application\Api\Controller\IndexController.class.php 第 10 行.
NOTIC: [8] Undefined index: msg D:\wamp\www\wwwroot\Application\Api\Controller\IndexController.class.php 第 12 行.
NOTIC: [8] Use of undefined constant msg - assumed 'msg' D:\wamp\www\wwwroot\Application\Api\Controller\IndexController.class.php 第 15 行.
NOTIC: [8] Undefined index: msg D:\wamp\www\wwwroot\Application\Api\Controller\IndexController.class.php 第 15 行.
NOTIC: [8] Undefined variable: arr D:\wamp\www\wwwroot\Application\Api\Controller\IndexController.class.php 第 39 行.
NOTIC: [2] array_rand() expects parameter 1 to be array, null given D:\wamp\www\wwwroot\Application\Api\Controller\IndexController.class.php 第 39 行.
NOTIC: [8] Undefined variable: arr D:\wamp\www\wwwroot\Application\Api\Controller\IndexController.class.php 第 41 行.
SQL: SHOW COLUMNS FROM `ro_conversation` [ RunTime:0.1080s ]
SQL: INSERT INTO `ro_conversation` (`uid`,`time`) VALUES ('rainbow','2018-06-13 10:06:35') [ RunTime:0.1360s ]
NOTIC: [8] Undefined variable: arr D:\wamp\www\wwwroot\Application\Api\Controller\IndexController.class.php 第 42 行.
INFO: [ app_end ] --START--
INFO: Run Behavior\ShowPageTraceBehavior [ RunTime:0.002000s ]
INFO: [ app_end ] --END-- [ RunTime:0.002000s ]

[ 2018-06-13T22:33:25+08:00 ] ::1 /wwwroot/api
INFO: [ app_init ] --START--
INFO: Run Behavior\BuildLiteBehavior [ RunTime:0.000000s ]
INFO: Run Common\Behavior\InitHookBehavior [ RunTime:0.004000s ]
INFO: [ app_init ] --END-- [ RunTime:0.006001s ]
INFO: [ app_begin ] --START--
INFO: Run Behavior\ReadHtmlCacheBehavior [ RunTime:0.001000s ]
INFO: [ app_begin ] --END-- [ RunTime:0.001000s ]
NOTIC: [8192] mysql_connect(): The mysql extension is deprecated and will be removed in the future: use mysqli or PDO instead D:\wamp\www\wwwroot\ThinkPHP\Library\Think\Session\Driver\Db.class.php 第 95 行.
NOTIC: [8] Undefined index: key D:\wamp\www\wwwroot\Application\Api\Controller\IndexController.class.php 第 10 行.
NOTIC: [8] Undefined index: msg D:\wamp\www\wwwroot\Application\Api\Controller\IndexController.class.php 第 12 行.
NOTIC: [8] Use of undefined constant msg - assumed 'msg' D:\wamp\www\wwwroot\Application\Api\Controller\IndexController.class.php 第 15 行.
NOTIC: [8] Undefined index: msg D:\wamp\www\wwwroot\Application\Api\Controller\IndexController.class.php 第 15 行.
NOTIC: [8] Undefined variable: arr D:\wamp\www\wwwroot\Application\Api\Controller\IndexController.class.php 第 39 行.
NOTIC: [2] array_rand() expects parameter 1 to be array, null given D:\wamp\www\wwwroot\Application\Api\Controller\IndexController.class.php 第 39 行.
NOTIC: [8] Undefined variable: arr D:\wamp\www\wwwroot\Application\Api\Controller\IndexController.class.php 第 41 行.
SQL: SHOW COLUMNS FROM `ro_conversation` [ RunTime:0.1060s ]
SQL: INSERT INTO `ro_conversation` (`uid`,`time`) VALUES ('rainbow','2018-06-13 10:06:25') [ RunTime:0.1100s ]
NOTIC: [8] Undefined variable: arr D:\wamp\www\wwwroot\Application\Api\Controller\IndexController.class.php 第 42 行.
INFO: [ app_end ] --START--
INFO: Run Behavior\ShowPageTraceBehavior [ RunTime:0.001000s ]
INFO: [ app_end ] --END-- [ RunTime:0.001000s ]

[ 2018-06-13T22:58:16+08:00 ] ::1 /wwwroot/api
INFO: [ app_init ] --START--
INFO: Run Behavior\BuildLiteBehavior [ RunTime:0.000000s ]
INFO: Run Common\Behavior\InitHookBehavior [ RunTime:0.004000s ]
INFO: [ app_init ] --END-- [ RunTime:0.005000s ]
INFO: [ app_begin ] --START--
INFO: Run Behavior\ReadHtmlCacheBehavior [ RunTime:0.001000s ]
INFO: [ app_begin ] --END-- [ RunTime:0.001000s ]
NOTIC: [8192] mysql_connect(): The mysql extension is deprecated and will be removed in the future: use mysqli or PDO instead D:\wamp\www\wwwroot\ThinkPHP\Library\Think\Session\Driver\Db.class.php 第 95 行.
NOTIC: [8] Undefined index: key D:\wamp\www\wwwroot\Application\Api\Controller\IndexController.class.php 第 10 行.
NOTIC: [8] Undefined index: msg D:\wamp\www\wwwroot\Application\Api\Controller\IndexController.class.php 第 12 行.
NOTIC: [8] Use of undefined constant msg - assumed 'msg' D:\wamp\www\wwwroot\Application\Api\Controller\IndexController.class.php 第 15 行.
NOTIC: [8] Undefined index: msg D:\wamp\www\wwwroot\Application\Api\Controller\IndexController.class.php 第 15 行.
NOTIC: [8] Undefined variable: arr D:\wamp\www\wwwroot\Application\Api\Controller\IndexController.class.php 第 39 行.
NOTIC: [2] array_rand() expects parameter 1 to be array, null given D:\wamp\www\wwwroot\Application\Api\Controller\IndexController.class.php 第 39 行.
NOTIC: [8] Undefined variable: arr D:\wamp\www\wwwroot\Application\Api\Controller\IndexController.class.php 第 41 行.
SQL: SHOW COLUMNS FROM `ro_conversation` [ RunTime:0.0950s ]
SQL: INSERT INTO `ro_conversation` (`uid`,`time`) VALUES ('rainbow','2018-06-13 10:06:16') [ RunTime:0.1040s ]
NOTIC: [8] Undefined variable: arr D:\wamp\www\wwwroot\Application\Api\Controller\IndexController.class.php 第 42 行.
INFO: [ app_end ] --START--
INFO: Run Behavior\ShowPageTraceBehavior [ RunTime:0.002000s ]
INFO: [ app_end ] --END-- [ RunTime:0.002000s ]

[ 2018-06-13T22:58:54+08:00 ] ::1 /wwwroot/api
INFO: [ app_init ] --START--
INFO: Run Behavior\BuildLiteBehavior [ RunTime:0.000000s ]
INFO: Run Common\Behavior\InitHookBehavior [ RunTime:0.001000s ]
INFO: [ app_init ] --END-- [ RunTime:0.003000s ]
INFO: [ app_begin ] --START--
INFO: Run Behavior\ReadHtmlCacheBehavior [ RunTime:0.000000s ]
INFO: [ app_begin ] --END-- [ RunTime:0.001000s ]
NOTIC: [8192] mysql_connect(): The mysql extension is deprecated and will be removed in the future: use mysqli or PDO instead D:\wamp\www\wwwroot\ThinkPHP\Library\Think\Session\Driver\Db.class.php 第 95 行.
NOTIC: [8] Undefined index: key D:\wamp\www\wwwroot\Application\Api\Controller\IndexController.class.php 第 10 行.
NOTIC: [8] Undefined index: msg D:\wamp\www\wwwroot\Application\Api\Controller\IndexController.class.php 第 12 行.
NOTIC: [8] Use of undefined constant msg - assumed 'msg' D:\wamp\www\wwwroot\Application\Api\Controller\IndexController.class.php 第 15 行.
NOTIC: [8] Undefined index: msg D:\wamp\www\wwwroot\Application\Api\Controller\IndexController.class.php 第 15 行.
NOTIC: [8] Undefined variable: arr D:\wamp\www\wwwroot\Application\Api\Controller\IndexController.class.php 第 39 行.
NOTIC: [2] array_rand() expects parameter 1 to be array, null given D:\wamp\www\wwwroot\Application\Api\Controller\IndexController.class.php 第 39 行.
NOTIC: [8] Undefined variable: arr D:\wamp\www\wwwroot\Application\Api\Controller\IndexController.class.php 第 41 行.
SQL: SHOW COLUMNS FROM `ro_conversation` [ RunTime:0.1110s ]
SQL: INSERT INTO `ro_conversation` (`uid`,`time`) VALUES ('rainbow','2018-06-13 10:06:54') [ RunTime:0.1020s ]
NOTIC: [8] Undefined variable: arr D:\wamp\www\wwwroot\Application\Api\Controller\IndexController.class.php 第 42 行.
INFO: [ app_end ] --START--
INFO: Run Behavior\ShowPageTraceBehavior [ RunTime:0.002000s ]
INFO: [ app_end ] --END-- [ RunTime:0.003000s ]

[ 2018-06-13T22:59:50+08:00 ] ::1 /wwwroot/api
INFO: [ app_init ] --START--
INFO: Run Behavior\BuildLiteBehavior [ RunTime:0.000000s ]
INFO: Run Common\Behavior\InitHookBehavior [ RunTime:0.002000s ]
INFO: [ app_init ] --END-- [ RunTime:0.003000s ]
INFO: [ app_begin ] --START--
INFO: Run Behavior\ReadHtmlCacheBehavior [ RunTime:0.000000s ]
INFO: [ app_begin ] --END-- [ RunTime:0.000000s ]
NOTIC: [8192] mysql_connect(): The mysql extension is deprecated and will be removed in the future: use mysqli or PDO instead D:\wamp\www\wwwroot\ThinkPHP\Library\Think\Session\Driver\Db.class.php 第 95 行.
NOTIC: [8] Undefined index: key D:\wamp\www\wwwroot\Application\Api\Controller\IndexController.class.php 第 10 行.
NOTIC: [8] Undefined index: msg D:\wamp\www\wwwroot\Application\Api\Controller\IndexController.class.php 第 12 行.
NOTIC: [8] Use of undefined constant msg - assumed 'msg' D:\wamp\www\wwwroot\Application\Api\Controller\IndexController.class.php 第 15 行.
NOTIC: [8] Undefined index: msg D:\wamp\www\wwwroot\Application\Api\Controller\IndexController.class.php 第 15 行.
NOTIC: [8] Undefined variable: arr D:\wamp\www\wwwroot\Application\Api\Controller\IndexController.class.php 第 39 行.
NOTIC: [2] array_rand() expects parameter 1 to be array, null given D:\wamp\www\wwwroot\Application\Api\Controller\IndexController.class.php 第 39 行.
NOTIC: [8] Undefined variable: arr D:\wamp\www\wwwroot\Application\Api\Controller\IndexController.class.php 第 41 行.
SQL: SHOW COLUMNS FROM `ro_conversation` [ RunTime:0.1090s ]
SQL: INSERT INTO `ro_conversation` (`uid`,`time`) VALUES ('rainbow','2018-06-13 10:06:50') [ RunTime:0.1070s ]
NOTIC: [8] Undefined variable: arr D:\wamp\www\wwwroot\Application\Api\Controller\IndexController.class.php 第 42 行.
INFO: [ app_end ] --START--
INFO: Run Behavior\ShowPageTraceBehavior [ RunTime:0.001000s ]
INFO: [ app_end ] --END-- [ RunTime:0.001000s ]

[ 2018-06-13T23:13:22+08:00 ] ::1 /wwwroot/api
INFO: [ app_init ] --START--
INFO: Run Behavior\BuildLiteBehavior [ RunTime:0.000000s ]
INFO: Run Common\Behavior\InitHookBehavior [ RunTime:0.004000s ]
INFO: [ app_init ] --END-- [ RunTime:0.005000s ]
INFO: [ app_begin ] --START--
INFO: Run Behavior\ReadHtmlCacheBehavior [ RunTime:0.000000s ]
INFO: [ app_begin ] --END-- [ RunTime:0.000000s ]
NOTIC: [8192] mysql_connect(): The mysql extension is deprecated and will be removed in the future: use mysqli or PDO instead D:\wamp\www\wwwroot\ThinkPHP\Library\Think\Session\Driver\Db.class.php 第 95 行.
NOTIC: [8] Undefined index: key D:\wamp\www\wwwroot\Application\Api\Controller\IndexController.class.php 第 10 行.
NOTIC: [8] Undefined index: msg D:\wamp\www\wwwroot\Application\Api\Controller\IndexController.class.php 第 12 行.
NOTIC: [8] Use of undefined constant msg - assumed 'msg' D:\wamp\www\wwwroot\Application\Api\Controller\IndexController.class.php 第 15 行.
NOTIC: [8] Undefined index: msg D:\wamp\www\wwwroot\Application\Api\Controller\IndexController.class.php 第 15 行.
NOTIC: [8] Undefined variable: arr D:\wamp\www\wwwroot\Application\Api\Controller\IndexController.class.php 第 39 行.
NOTIC: [2] array_rand() expects parameter 1 to be array, null given D:\wamp\www\wwwroot\Application\Api\Controller\IndexController.class.php 第 39 行.
NOTIC: [8] Undefined variable: arr D:\wamp\www\wwwroot\Application\Api\Controller\IndexController.class.php 第 41 行.
SQL: SHOW COLUMNS FROM `ro_conversation` [ RunTime:0.1180s ]
SQL: INSERT INTO `ro_conversation` (`uid`,`time`) VALUES ('rainbow','2018-06-13 11:06:22') [ RunTime:0.1360s ]
NOTIC: [8] Undefined variable: arr D:\wamp\www\wwwroot\Application\Api\Controller\IndexController.class.php 第 42 行.
INFO: [ app_end ] --START--
INFO: Run Behavior\ShowPageTraceBehavior [ RunTime:0.001000s ]
INFO: [ app_end ] --END-- [ RunTime:0.001000s ]

[ 2018-06-13T23:14:24+08:00 ] ::1 /wwwroot/api
INFO: [ app_init ] --START--
INFO: Run Behavior\BuildLiteBehavior [ RunTime:0.000000s ]
INFO: Run Common\Behavior\InitHookBehavior [ RunTime:0.002000s ]
INFO: [ app_init ] --END-- [ RunTime:0.003000s ]
INFO: [ app_begin ] --START--
INFO: Run Behavior\ReadHtmlCacheBehavior [ RunTime:0.002000s ]
INFO: [ app_begin ] --END-- [ RunTime:0.002000s ]
NOTIC: [8192] mysql_connect(): The mysql extension is deprecated and will be removed in the future: use mysqli or PDO instead D:\wamp\www\wwwroot\ThinkPHP\Library\Think\Session\Driver\Db.class.php 第 95 行.
NOTIC: [8] Undefined index: key D:\wamp\www\wwwroot\Application\Api\Controller\IndexController.class.php 第 10 行.
NOTIC: [8] Undefined index: msg D:\wamp\www\wwwroot\Application\Api\Controller\IndexController.class.php 第 12 行.
NOTIC: [8] Use of undefined constant msg - assumed 'msg' D:\wamp\www\wwwroot\Application\Api\Controller\IndexController.class.php 第 15 行.
NOTIC: [8] Undefined index: msg D:\wamp\www\wwwroot\Application\Api\Controller\IndexController.class.php 第 15 行.
NOTIC: [8] Undefined variable: arr D:\wamp\www\wwwroot\Application\Api\Controller\IndexController.class.php 第 39 行.
NOTIC: [2] array_rand() expects parameter 1 to be array, null given D:\wamp\www\wwwroot\Application\Api\Controller\IndexController.class.php 第 39 行.
NOTIC: [8] Undefined variable: arr D:\wamp\www\wwwroot\Application\Api\Controller\IndexController.class.php 第 41 行.
SQL: SHOW COLUMNS FROM `ro_conversation` [ RunTime:0.1720s ]
SQL: INSERT INTO `ro_conversation` (`uid`,`time`) VALUES ('rainbow','2018-06-13 11:06:24') [ RunTime:0.1260s ]
NOTIC: [8] Undefined variable: arr D:\wamp\www\wwwroot\Application\Api\Controller\IndexController.class.php 第 42 行.
INFO: [ app_end ] --START--
INFO: Run Behavior\ShowPageTraceBehavior [ RunTime:0.001000s ]
INFO: [ app_end ] --END-- [ RunTime:0.001000s ]

[ 2018-06-13T23:15:37+08:00 ] ::1 /wwwroot/api
INFO: [ app_init ] --START--
INFO: Run Behavior\BuildLiteBehavior [ RunTime:0.000000s ]
INFO: Run Common\Behavior\InitHookBehavior [ RunTime:0.002000s ]
INFO: [ app_init ] --END-- [ RunTime:0.003000s ]
INFO: [ app_begin ] --START--
INFO: Run Behavior\ReadHtmlCacheBehavior [ RunTime:0.001000s ]
INFO: [ app_begin ] --END-- [ RunTime:0.001000s ]
NOTIC: [8192] mysql_connect(): The mysql extension is deprecated and will be removed in the future: use mysqli or PDO instead D:\wamp\www\wwwroot\ThinkPHP\Library\Think\Session\Driver\Db.class.php 第 95 行.
NOTIC: [8] Undefined index: key D:\wamp\www\wwwroot\Application\Api\Controller\IndexController.class.php 第 10 行.
NOTIC: [8] Undefined index: msg D:\wamp\www\wwwroot\Application\Api\Controller\IndexController.class.php 第 12 行.
NOTIC: [8] Use of undefined constant msg - assumed 'msg' D:\wamp\www\wwwroot\Application\Api\Controller\IndexController.class.php 第 15 行.
NOTIC: [8] Undefined index: msg D:\wamp\www\wwwroot\Application\Api\Controller\IndexController.class.php 第 15 行.
NOTIC: [8] Undefined variable: arr D:\wamp\www\wwwroot\Application\Api\Controller\IndexController.class.php 第 39 行.
NOTIC: [2] array_rand() expects parameter 1 to be array, null given D:\wamp\www\wwwroot\Application\Api\Controller\IndexController.class.php 第 39 行.
NOTIC: [8] Undefined variable: arr D:\wamp\www\wwwroot\Application\Api\Controller\IndexController.class.php 第 41 行.
SQL: SHOW COLUMNS FROM `ro_conversation` [ RunTime:0.1050s ]
SQL: INSERT INTO `ro_conversation` (`uid`,`time`) VALUES ('rainbow','2018-06-13 11:06:37') [ RunTime:0.1140s ]
NOTIC: [8] Undefined variable: arr D:\wamp\www\wwwroot\Application\Api\Controller\IndexController.class.php 第 42 行.
INFO: [ app_end ] --START--
INFO: Run Behavior\ShowPageTraceBehavior [ RunTime:0.000000s ]
INFO: [ app_end ] --END-- [ RunTime:0.001000s ]

