[ 2018-06-11T02:18:53+08:00 ] ::1 /wwwroot/api
INFO: [ app_init ] --START--
INFO: Run Behavior\BuildLiteBehavior [ RunTime:0.000000s ]
INFO: Run Common\Behavior\InitHookBehavior [ RunTime:0.003000s ]
INFO: [ app_init ] --END-- [ RunTime:0.003000s ]
INFO: [ app_begin ] --START--
INFO: Run Behavior\ReadHtmlCacheBehavior [ RunTime:0.000000s ]
INFO: [ app_begin ] --END-- [ RunTime:0.001000s ]
NOTIC: [8192] mysql_connect(): The mysql extension is deprecated and will be removed in the future: use mysqli or PDO instead D:\wamp\www\wwwroot\ThinkPHP\Library\Think\Session\Driver\Db.class.php 第 95 行.
NOTIC: [8] Undefined index: key D:\wamp\www\wwwroot\Application\Api\Controller\IndexController.class.php 第 10 行.
NOTIC: [8] Undefined index: msg D:\wamp\www\wwwroot\Application\Api\Controller\IndexController.class.php 第 12 行.
NOTIC: [8] Use of undefined constant msg - assumed 'msg' D:\wamp\www\wwwroot\Application\Api\Controller\IndexController.class.php 第 15 行.
NOTIC: [8] Undefined index: msg D:\wamp\www\wwwroot\Application\Api\Controller\IndexController.class.php 第 15 行.
SQL: SHOW COLUMNS FROM `ro_chat` [ RunTime:0.0860s ]
SQL: SELECT `ask`,`answer` FROM `ro_chat` WHERE `keys` LIKE '%%'  [ RunTime:0.4570s ]
NOTIC: [8] Undefined variable: arr D:\wamp\www\wwwroot\Application\Api\Controller\IndexController.class.php 第 39 行.
NOTIC: [2] array_rand() expects parameter 1 to be array, null given D:\wamp\www\wwwroot\Application\Api\Controller\IndexController.class.php 第 39 行.
NOTIC: [8] Undefined variable: arr D:\wamp\www\wwwroot\Application\Api\Controller\IndexController.class.php 第 41 行.
SQL: SHOW COLUMNS FROM `ro_conversation` [ RunTime:0.0840s ]
SQL: INSERT INTO `ro_conversation` (`uid`,`time`) VALUES ('rainbow','2018-06-11 02:06:53') [ RunTime:0.0870s ]
NOTIC: [8] Undefined variable: arr D:\wamp\www\wwwroot\Application\Api\Controller\IndexController.class.php 第 42 行.
INFO: [ app_end ] --START--
INFO: Run Behavior\ShowPageTraceBehavior [ RunTime:0.001000s ]
INFO: [ app_end ] --END-- [ RunTime:0.002000s ]

[ 2018-06-11T02:19:35+08:00 ] ::1 /wwwroot/api
INFO: [ app_init ] --START--
INFO: Run Behavior\BuildLiteBehavior [ RunTime:0.000000s ]
INFO: Run Common\Behavior\InitHookBehavior [ RunTime:0.003000s ]
INFO: [ app_init ] --END-- [ RunTime:0.004001s ]
INFO: [ app_begin ] --START--
INFO: Run Behavior\ReadHtmlCacheBehavior [ RunTime:0.000000s ]
INFO: [ app_begin ] --END-- [ RunTime:0.001000s ]
NOTIC: [8192] mysql_connect(): The mysql extension is deprecated and will be removed in the future: use mysqli or PDO instead D:\wamp\www\wwwroot\ThinkPHP\Library\Think\Session\Driver\Db.class.php 第 95 行.
NOTIC: [8] Undefined index: key D:\wamp\www\wwwroot\Application\Api\Controller\IndexController.class.php 第 10 行.
NOTIC: [8] Undefined index: msg D:\wamp\www\wwwroot\Application\Api\Controller\IndexController.class.php 第 12 行.
NOTIC: [8] Use of undefined constant msg - assumed 'msg' D:\wamp\www\wwwroot\Application\Api\Controller\IndexController.class.php 第 15 行.
NOTIC: [8] Undefined index: msg D:\wamp\www\wwwroot\Application\Api\Controller\IndexController.class.php 第 15 行.
NOTIC: [8] Undefined variable: arr D:\wamp\www\wwwroot\Application\Api\Controller\IndexController.class.php 第 39 行.
NOTIC: [2] array_rand() expects parameter 1 to be array, null given D:\wamp\www\wwwroot\Application\Api\Controller\IndexController.class.php 第 39 行.
NOTIC: [8] Undefined variable: arr D:\wamp\www\wwwroot\Application\Api\Controller\IndexController.class.php 第 41 行.
SQL: SHOW COLUMNS FROM `ro_conversation` [ RunTime:0.0740s ]
SQL: INSERT INTO `ro_conversation` (`uid`,`time`) VALUES ('rainbow','2018-06-11 02:06:34') [ RunTime:0.0750s ]
NOTIC: [8] Undefined variable: arr D:\wamp\www\wwwroot\Application\Api\Controller\IndexController.class.php 第 42 行.
INFO: [ app_end ] --START--
INFO: Run Behavior\ShowPageTraceBehavior [ RunTime:0.001000s ]
INFO: [ app_end ] --END-- [ RunTime:0.001000s ]

[ 2018-06-11T02:28:40+08:00 ] ::1 /wwwroot/api
INFO: [ app_init ] --START--
INFO: Run Behavior\BuildLiteBehavior [ RunTime:0.000000s ]
INFO: Run Common\Behavior\InitHookBehavior [ RunTime:0.004000s ]
INFO: [ app_init ] --END-- [ RunTime:0.005000s ]
INFO: [ app_begin ] --START--
INFO: Run Behavior\ReadHtmlCacheBehavior [ RunTime:0.000000s ]
INFO: [ app_begin ] --END-- [ RunTime:0.000000s ]
NOTIC: [8192] mysql_connect(): The mysql extension is deprecated and will be removed in the future: use mysqli or PDO instead D:\wamp\www\wwwroot\ThinkPHP\Library\Think\Session\Driver\Db.class.php 第 95 行.
NOTIC: [8] Undefined index: key D:\wamp\www\wwwroot\Application\Api\Controller\IndexController.class.php 第 10 行.
NOTIC: [8] Undefined index: msg D:\wamp\www\wwwroot\Application\Api\Controller\IndexController.class.php 第 12 行.
NOTIC: [8] Use of undefined constant msg - assumed 'msg' D:\wamp\www\wwwroot\Application\Api\Controller\IndexController.class.php 第 15 行.
NOTIC: [8] Undefined index: msg D:\wamp\www\wwwroot\Application\Api\Controller\IndexController.class.php 第 15 行.
NOTIC: [8] Undefined variable: arr D:\wamp\www\wwwroot\Application\Api\Controller\IndexController.class.php 第 39 行.
NOTIC: [2] array_rand() expects parameter 1 to be array, null given D:\wamp\www\wwwroot\Application\Api\Controller\IndexController.class.php 第 39 行.
NOTIC: [8] Undefined variable: arr D:\wamp\www\wwwroot\Application\Api\Controller\IndexController.class.php 第 41 行.
SQL: SHOW COLUMNS FROM `ro_conversation` [ RunTime:0.0820s ]
SQL: INSERT INTO `ro_conversation` (`uid`,`time`) VALUES ('rainbow','2018-06-11 02:06:39') [ RunTime:0.0840s ]
NOTIC: [8] Undefined variable: arr D:\wamp\www\wwwroot\Application\Api\Controller\IndexController.class.php 第 42 行.
INFO: [ app_end ] --START--
INFO: Run Behavior\ShowPageTraceBehavior [ RunTime:0.001000s ]
INFO: [ app_end ] --END-- [ RunTime:0.002000s ]

[ 2018-06-11T03:22:03+08:00 ] ::1 /wwwroot/api
INFO: [ app_init ] --START--
INFO: Run Behavior\BuildLiteBehavior [ RunTime:0.000000s ]
INFO: Run Common\Behavior\InitHookBehavior [ RunTime:0.005000s ]
INFO: [ app_init ] --END-- [ RunTime:0.006001s ]
INFO: [ app_begin ] --START--
INFO: Run Behavior\ReadHtmlCacheBehavior [ RunTime:0.001000s ]
INFO: [ app_begin ] --END-- [ RunTime:0.001000s ]
NOTIC: [8192] mysql_connect(): The mysql extension is deprecated and will be removed in the future: use mysqli or PDO instead D:\wamp\www\wwwroot\ThinkPHP\Library\Think\Session\Driver\Db.class.php 第 95 行.
NOTIC: [8] Undefined index: key D:\wamp\www\wwwroot\Application\Api\Controller\IndexController.class.php 第 10 行.
NOTIC: [8] Undefined index: msg D:\wamp\www\wwwroot\Application\Api\Controller\IndexController.class.php 第 12 行.
NOTIC: [8] Use of undefined constant msg - assumed 'msg' D:\wamp\www\wwwroot\Application\Api\Controller\IndexController.class.php 第 15 行.
NOTIC: [8] Undefined index: msg D:\wamp\www\wwwroot\Application\Api\Controller\IndexController.class.php 第 15 行.
SQL: SHOW COLUMNS FROM `ro_chat` [ RunTime:0.0750s ]
SQL: SELECT `ask`,`answer` FROM `ro_chat` WHERE `keys` LIKE '%%'  [ RunTime:0.4080s ]
NOTIC: [8] Undefined variable: arr D:\wamp\www\wwwroot\Application\Api\Controller\IndexController.class.php 第 39 行.
NOTIC: [2] array_rand() expects parameter 1 to be array, null given D:\wamp\www\wwwroot\Application\Api\Controller\IndexController.class.php 第 39 行.
NOTIC: [8] Undefined variable: arr D:\wamp\www\wwwroot\Application\Api\Controller\IndexController.class.php 第 41 行.
SQL: SHOW COLUMNS FROM `ro_conversation` [ RunTime:0.0770s ]
SQL: INSERT INTO `ro_conversation` (`uid`,`time`) VALUES ('rainbow','2018-06-11 03:06:02') [ RunTime:0.0760s ]
NOTIC: [8] Undefined variable: arr D:\wamp\www\wwwroot\Application\Api\Controller\IndexController.class.php 第 42 行.
INFO: [ app_end ] --START--
INFO: Run Behavior\ShowPageTraceBehavior [ RunTime:0.001000s ]
INFO: [ app_end ] --END-- [ RunTime:0.001000s ]

[ 2018-06-11T03:23:33+08:00 ] ::1 /wwwroot/api
INFO: [ app_init ] --START--
INFO: Run Behavior\BuildLiteBehavior [ RunTime:0.000000s ]
INFO: Run Common\Behavior\InitHookBehavior [ RunTime:0.003000s ]
INFO: [ app_init ] --END-- [ RunTime:0.003000s ]
INFO: [ app_begin ] --START--
INFO: Run Behavior\ReadHtmlCacheBehavior [ RunTime:0.000000s ]
INFO: [ app_begin ] --END-- [ RunTime:0.001000s ]
NOTIC: [8192] mysql_connect(): The mysql extension is deprecated and will be removed in the future: use mysqli or PDO instead D:\wamp\www\wwwroot\ThinkPHP\Library\Think\Session\Driver\Db.class.php 第 95 行.
NOTIC: [8] Undefined index: key D:\wamp\www\wwwroot\Application\Api\Controller\IndexController.class.php 第 10 行.
NOTIC: [8] Undefined index: msg D:\wamp\www\wwwroot\Application\Api\Controller\IndexController.class.php 第 12 行.
NOTIC: [8] Use of undefined constant msg - assumed 'msg' D:\wamp\www\wwwroot\Application\Api\Controller\IndexController.class.php 第 15 行.
NOTIC: [8] Undefined index: msg D:\wamp\www\wwwroot\Application\Api\Controller\IndexController.class.php 第 15 行.
NOTIC: [8] Undefined variable: arr D:\wamp\www\wwwroot\Application\Api\Controller\IndexController.class.php 第 39 行.
NOTIC: [2] array_rand() expects parameter 1 to be array, null given D:\wamp\www\wwwroot\Application\Api\Controller\IndexController.class.php 第 39 行.
NOTIC: [8] Undefined variable: arr D:\wamp\www\wwwroot\Application\Api\Controller\IndexController.class.php 第 41 行.
SQL: SHOW COLUMNS FROM `ro_conversation` [ RunTime:0.0820s ]
SQL: INSERT INTO `ro_conversation` (`uid`,`time`) VALUES ('rainbow','2018-06-11 03:06:33') [ RunTime:0.0820s ]
NOTIC: [8] Undefined variable: arr D:\wamp\www\wwwroot\Application\Api\Controller\IndexController.class.php 第 42 行.
INFO: [ app_end ] --START--
INFO: Run Behavior\ShowPageTraceBehavior [ RunTime:0.002000s ]
INFO: [ app_end ] --END-- [ RunTime:0.003000s ]

[ 2018-06-11T03:23:54+08:00 ] ::1 /wwwroot/api
INFO: [ app_init ] --START--
INFO: Run Behavior\BuildLiteBehavior [ RunTime:0.000000s ]
INFO: Run Common\Behavior\InitHookBehavior [ RunTime:0.002000s ]
INFO: [ app_init ] --END-- [ RunTime:0.003000s ]
INFO: [ app_begin ] --START--
INFO: Run Behavior\ReadHtmlCacheBehavior [ RunTime:0.001000s ]
INFO: [ app_begin ] --END-- [ RunTime:0.001000s ]
NOTIC: [8192] mysql_connect(): The mysql extension is deprecated and will be removed in the future: use mysqli or PDO instead D:\wamp\www\wwwroot\ThinkPHP\Library\Think\Session\Driver\Db.class.php 第 95 行.
NOTIC: [8] Undefined index: key D:\wamp\www\wwwroot\Application\Api\Controller\IndexController.class.php 第 10 行.
NOTIC: [8] Undefined index: msg D:\wamp\www\wwwroot\Application\Api\Controller\IndexController.class.php 第 12 行.
NOTIC: [8] Use of undefined constant msg - assumed 'msg' D:\wamp\www\wwwroot\Application\Api\Controller\IndexController.class.php 第 15 行.
NOTIC: [8] Undefined index: msg D:\wamp\www\wwwroot\Application\Api\Controller\IndexController.class.php 第 15 行.
NOTIC: [8] Undefined variable: arr D:\wamp\www\wwwroot\Application\Api\Controller\IndexController.class.php 第 39 行.
NOTIC: [2] array_rand() expects parameter 1 to be array, null given D:\wamp\www\wwwroot\Application\Api\Controller\IndexController.class.php 第 39 行.
NOTIC: [8] Undefined variable: arr D:\wamp\www\wwwroot\Application\Api\Controller\IndexController.class.php 第 41 行.
SQL: SHOW COLUMNS FROM `ro_conversation` [ RunTime:0.0820s ]
SQL: INSERT INTO `ro_conversation` (`uid`,`time`) VALUES ('rainbow','2018-06-11 03:06:54') [ RunTime:0.0820s ]
NOTIC: [8] Undefined variable: arr D:\wamp\www\wwwroot\Application\Api\Controller\IndexController.class.php 第 42 行.
INFO: [ app_end ] --START--
INFO: Run Behavior\ShowPageTraceBehavior [ RunTime:0.002000s ]
INFO: [ app_end ] --END-- [ RunTime:0.002000s ]

[ 2018-06-11T03:25:00+08:00 ] ::1 /wwwroot/api
INFO: [ app_init ] --START--
INFO: Run Behavior\BuildLiteBehavior [ RunTime:0.000000s ]
INFO: Run Common\Behavior\InitHookBehavior [ RunTime:0.002001s ]
INFO: [ app_init ] --END-- [ RunTime:0.002001s ]
INFO: [ app_begin ] --START--
INFO: Run Behavior\ReadHtmlCacheBehavior [ RunTime:0.000000s ]
INFO: [ app_begin ] --END-- [ RunTime:0.000000s ]
NOTIC: [8192] mysql_connect(): The mysql extension is deprecated and will be removed in the future: use mysqli or PDO instead D:\wamp\www\wwwroot\ThinkPHP\Library\Think\Session\Driver\Db.class.php 第 95 行.
NOTIC: [8] Undefined index: key D:\wamp\www\wwwroot\Application\Api\Controller\IndexController.class.php 第 10 行.
NOTIC: [8] Undefined index: msg D:\wamp\www\wwwroot\Application\Api\Controller\IndexController.class.php 第 12 行.
NOTIC: [8] Use of undefined constant msg - assumed 'msg' D:\wamp\www\wwwroot\Application\Api\Controller\IndexController.class.php 第 15 行.
NOTIC: [8] Undefined index: msg D:\wamp\www\wwwroot\Application\Api\Controller\IndexController.class.php 第 15 行.
NOTIC: [8] Undefined variable: arr D:\wamp\www\wwwroot\Application\Api\Controller\IndexController.class.php 第 39 行.
NOTIC: [2] array_rand() expects parameter 1 to be array, null given D:\wamp\www\wwwroot\Application\Api\Controller\IndexController.class.php 第 39 行.
NOTIC: [8] Undefined variable: arr D:\wamp\www\wwwroot\Application\Api\Controller\IndexController.class.php 第 41 行.
SQL: SHOW COLUMNS FROM `ro_conversation` [ RunTime:0.0800s ]
SQL: INSERT INTO `ro_conversation` (`uid`,`time`) VALUES ('rainbow','2018-06-11 03:06:00') [ RunTime:0.0800s ]
NOTIC: [8] Undefined variable: arr D:\wamp\www\wwwroot\Application\Api\Controller\IndexController.class.php 第 42 行.
INFO: [ app_end ] --START--
INFO: Run Behavior\ShowPageTraceBehavior [ RunTime:0.001000s ]
INFO: [ app_end ] --END-- [ RunTime:0.002000s ]

[ 2018-06-11T03:25:20+08:00 ] ::1 /wwwroot/api
INFO: [ app_init ] --START--
INFO: Run Behavior\BuildLiteBehavior [ RunTime:0.000000s ]
INFO: Run Common\Behavior\InitHookBehavior [ RunTime:0.002000s ]
INFO: [ app_init ] --END-- [ RunTime:0.002000s ]
INFO: [ app_begin ] --START--
INFO: Run Behavior\ReadHtmlCacheBehavior [ RunTime:0.001000s ]
INFO: [ app_begin ] --END-- [ RunTime:0.001000s ]
NOTIC: [8192] mysql_connect(): The mysql extension is deprecated and will be removed in the future: use mysqli or PDO instead D:\wamp\www\wwwroot\ThinkPHP\Library\Think\Session\Driver\Db.class.php 第 95 行.
NOTIC: [8] Undefined index: key D:\wamp\www\wwwroot\Application\Api\Controller\IndexController.class.php 第 10 行.
NOTIC: [8] Undefined index: msg D:\wamp\www\wwwroot\Application\Api\Controller\IndexController.class.php 第 12 行.
NOTIC: [8] Use of undefined constant msg - assumed 'msg' D:\wamp\www\wwwroot\Application\Api\Controller\IndexController.class.php 第 15 行.
NOTIC: [8] Undefined index: msg D:\wamp\www\wwwroot\Application\Api\Controller\IndexController.class.php 第 15 行.
NOTIC: [8] Undefined variable: arr D:\wamp\www\wwwroot\Application\Api\Controller\IndexController.class.php 第 39 行.
NOTIC: [2] array_rand() expects parameter 1 to be array, null given D:\wamp\www\wwwroot\Application\Api\Controller\IndexController.class.php 第 39 行.
NOTIC: [8] Undefined variable: arr D:\wamp\www\wwwroot\Application\Api\Controller\IndexController.class.php 第 41 行.
SQL: SHOW COLUMNS FROM `ro_conversation` [ RunTime:0.0800s ]
SQL: INSERT INTO `ro_conversation` (`uid`,`time`) VALUES ('rainbow','2018-06-11 03:06:20') [ RunTime:0.0810s ]
NOTIC: [8] Undefined variable: arr D:\wamp\www\wwwroot\Application\Api\Controller\IndexController.class.php 第 42 行.
INFO: [ app_end ] --START--
INFO: Run Behavior\ShowPageTraceBehavior [ RunTime:0.001000s ]
INFO: [ app_end ] --END-- [ RunTime:0.002000s ]

[ 2018-06-11T03:25:42+08:00 ] ::1 /wwwroot/api
INFO: [ app_init ] --START--
INFO: Run Behavior\BuildLiteBehavior [ RunTime:0.000000s ]
INFO: Run Common\Behavior\InitHookBehavior [ RunTime:0.002000s ]
INFO: [ app_init ] --END-- [ RunTime:0.003000s ]
INFO: [ app_begin ] --START--
INFO: Run Behavior\ReadHtmlCacheBehavior [ RunTime:0.001000s ]
INFO: [ app_begin ] --END-- [ RunTime:0.001000s ]
NOTIC: [8192] mysql_connect(): The mysql extension is deprecated and will be removed in the future: use mysqli or PDO instead D:\wamp\www\wwwroot\ThinkPHP\Library\Think\Session\Driver\Db.class.php 第 95 行.
NOTIC: [8] Undefined index: key D:\wamp\www\wwwroot\Application\Api\Controller\IndexController.class.php 第 10 行.
NOTIC: [8] Undefined index: msg D:\wamp\www\wwwroot\Application\Api\Controller\IndexController.class.php 第 12 行.
NOTIC: [8] Use of undefined constant msg - assumed 'msg' D:\wamp\www\wwwroot\Application\Api\Controller\IndexController.class.php 第 15 行.
NOTIC: [8] Undefined index: msg D:\wamp\www\wwwroot\Application\Api\Controller\IndexController.class.php 第 15 行.
NOTIC: [8] Undefined variable: arr D:\wamp\www\wwwroot\Application\Api\Controller\IndexController.class.php 第 39 行.
NOTIC: [2] array_rand() expects parameter 1 to be array, null given D:\wamp\www\wwwroot\Application\Api\Controller\IndexController.class.php 第 39 行.
NOTIC: [8] Undefined variable: arr D:\wamp\www\wwwroot\Application\Api\Controller\IndexController.class.php 第 41 行.
SQL: SHOW COLUMNS FROM `ro_conversation` [ RunTime:0.0870s ]
SQL: INSERT INTO `ro_conversation` (`uid`,`time`) VALUES ('rainbow','2018-06-11 03:06:42') [ RunTime:0.0830s ]
NOTIC: [8] Undefined variable: arr D:\wamp\www\wwwroot\Application\Api\Controller\IndexController.class.php 第 42 行.
INFO: [ app_end ] --START--
INFO: Run Behavior\ShowPageTraceBehavior [ RunTime:0.002000s ]
INFO: [ app_end ] --END-- [ RunTime:0.003001s ]

[ 2018-06-11T03:26:09+08:00 ] ::1 /wwwroot/api
INFO: [ app_init ] --START--
INFO: Run Behavior\BuildLiteBehavior [ RunTime:0.000000s ]
INFO: Run Common\Behavior\InitHookBehavior [ RunTime:0.002000s ]
INFO: [ app_init ] --END-- [ RunTime:0.002000s ]
INFO: [ app_begin ] --START--
INFO: Run Behavior\ReadHtmlCacheBehavior [ RunTime:0.000000s ]
INFO: [ app_begin ] --END-- [ RunTime:0.000000s ]
NOTIC: [8192] mysql_connect(): The mysql extension is deprecated and will be removed in the future: use mysqli or PDO instead D:\wamp\www\wwwroot\ThinkPHP\Library\Think\Session\Driver\Db.class.php 第 95 行.
NOTIC: [8] Undefined index: key D:\wamp\www\wwwroot\Application\Api\Controller\IndexController.class.php 第 10 行.
NOTIC: [8] Undefined index: msg D:\wamp\www\wwwroot\Application\Api\Controller\IndexController.class.php 第 12 行.
NOTIC: [8] Use of undefined constant msg - assumed 'msg' D:\wamp\www\wwwroot\Application\Api\Controller\IndexController.class.php 第 15 行.
NOTIC: [8] Undefined index: msg D:\wamp\www\wwwroot\Application\Api\Controller\IndexController.class.php 第 15 行.
NOTIC: [8] Undefined variable: arr D:\wamp\www\wwwroot\Application\Api\Controller\IndexController.class.php 第 39 行.
NOTIC: [2] array_rand() expects parameter 1 to be array, null given D:\wamp\www\wwwroot\Application\Api\Controller\IndexController.class.php 第 39 行.
NOTIC: [8] Undefined variable: arr D:\wamp\www\wwwroot\Application\Api\Controller\IndexController.class.php 第 41 行.
SQL: SHOW COLUMNS FROM `ro_conversation` [ RunTime:0.0810s ]
SQL: INSERT INTO `ro_conversation` (`uid`,`time`) VALUES ('rainbow','2018-06-11 03:06:09') [ RunTime:0.0780s ]
NOTIC: [8] Undefined variable: arr D:\wamp\www\wwwroot\Application\Api\Controller\IndexController.class.php 第 42 行.
INFO: [ app_end ] --START--
INFO: Run Behavior\ShowPageTraceBehavior [ RunTime:0.001000s ]
INFO: [ app_end ] --END-- [ RunTime:0.001000s ]

[ 2018-06-11T03:26:50+08:00 ] ::1 /wwwroot/api
INFO: [ app_init ] --START--
INFO: Run Behavior\BuildLiteBehavior [ RunTime:0.000000s ]
INFO: Run Common\Behavior\InitHookBehavior [ RunTime:0.002000s ]
INFO: [ app_init ] --END-- [ RunTime:0.004000s ]
INFO: [ app_begin ] --START--
INFO: Run Behavior\ReadHtmlCacheBehavior [ RunTime:0.001000s ]
INFO: [ app_begin ] --END-- [ RunTime:0.001000s ]
NOTIC: [8192] mysql_connect(): The mysql extension is deprecated and will be removed in the future: use mysqli or PDO instead D:\wamp\www\wwwroot\ThinkPHP\Library\Think\Session\Driver\Db.class.php 第 95 行.
NOTIC: [8] Undefined index: key D:\wamp\www\wwwroot\Application\Api\Controller\IndexController.class.php 第 10 行.
NOTIC: [8] Undefined index: msg D:\wamp\www\wwwroot\Application\Api\Controller\IndexController.class.php 第 12 行.
NOTIC: [8] Use of undefined constant msg - assumed 'msg' D:\wamp\www\wwwroot\Application\Api\Controller\IndexController.class.php 第 15 行.
NOTIC: [8] Undefined index: msg D:\wamp\www\wwwroot\Application\Api\Controller\IndexController.class.php 第 15 行.
NOTIC: [8] Undefined variable: arr D:\wamp\www\wwwroot\Application\Api\Controller\IndexController.class.php 第 39 行.
NOTIC: [2] array_rand() expects parameter 1 to be array, null given D:\wamp\www\wwwroot\Application\Api\Controller\IndexController.class.php 第 39 行.
NOTIC: [8] Undefined variable: arr D:\wamp\www\wwwroot\Application\Api\Controller\IndexController.class.php 第 41 行.
SQL: SHOW COLUMNS FROM `ro_conversation` [ RunTime:0.0860s ]
SQL: INSERT INTO `ro_conversation` (`uid`,`time`) VALUES ('rainbow','2018-06-11 03:06:49') [ RunTime:0.0800s ]
NOTIC: [8] Undefined variable: arr D:\wamp\www\wwwroot\Application\Api\Controller\IndexController.class.php 第 42 行.
INFO: [ app_end ] --START--
INFO: Run Behavior\ShowPageTraceBehavior [ RunTime:0.002000s ]
INFO: [ app_end ] --END-- [ RunTime:0.002000s ]

[ 2018-06-11T03:27:39+08:00 ] ::1 /wwwroot/api
INFO: [ app_init ] --START--
INFO: Run Behavior\BuildLiteBehavior [ RunTime:0.000000s ]
INFO: Run Common\Behavior\InitHookBehavior [ RunTime:0.002000s ]
INFO: [ app_init ] --END-- [ RunTime:0.005000s ]
INFO: [ app_begin ] --START--
INFO: Run Behavior\ReadHtmlCacheBehavior [ RunTime:0.001000s ]
INFO: [ app_begin ] --END-- [ RunTime:0.001000s ]
NOTIC: [8192] mysql_connect(): The mysql extension is deprecated and will be removed in the future: use mysqli or PDO instead D:\wamp\www\wwwroot\ThinkPHP\Library\Think\Session\Driver\Db.class.php 第 95 行.
NOTIC: [8] Undefined index: key D:\wamp\www\wwwroot\Application\Api\Controller\IndexController.class.php 第 10 行.
NOTIC: [8] Undefined index: msg D:\wamp\www\wwwroot\Application\Api\Controller\IndexController.class.php 第 12 行.
NOTIC: [8] Use of undefined constant msg - assumed 'msg' D:\wamp\www\wwwroot\Application\Api\Controller\IndexController.class.php 第 15 行.
NOTIC: [8] Undefined index: msg D:\wamp\www\wwwroot\Application\Api\Controller\IndexController.class.php 第 15 行.
NOTIC: [8] Undefined variable: arr D:\wamp\www\wwwroot\Application\Api\Controller\IndexController.class.php 第 39 行.
NOTIC: [2] array_rand() expects parameter 1 to be array, null given D:\wamp\www\wwwroot\Application\Api\Controller\IndexController.class.php 第 39 行.
NOTIC: [8] Undefined variable: arr D:\wamp\www\wwwroot\Application\Api\Controller\IndexController.class.php 第 41 行.
SQL: SHOW COLUMNS FROM `ro_conversation` [ RunTime:0.0840s ]
SQL: INSERT INTO `ro_conversation` (`uid`,`time`) VALUES ('rainbow','2018-06-11 03:06:39') [ RunTime:0.0870s ]
NOTIC: [8] Undefined variable: arr D:\wamp\www\wwwroot\Application\Api\Controller\IndexController.class.php 第 42 行.
INFO: [ app_end ] --START--
INFO: Run Behavior\ShowPageTraceBehavior [ RunTime:0.000000s ]
INFO: [ app_end ] --END-- [ RunTime:0.001000s ]

[ 2018-06-11T03:28:29+08:00 ] ::1 /wwwroot/api
INFO: [ app_init ] --START--
INFO: Run Behavior\BuildLiteBehavior [ RunTime:0.000000s ]
INFO: Run Common\Behavior\InitHookBehavior [ RunTime:0.002000s ]
INFO: [ app_init ] --END-- [ RunTime:0.003000s ]
INFO: [ app_begin ] --START--
INFO: Run Behavior\ReadHtmlCacheBehavior [ RunTime:0.000000s ]
INFO: [ app_begin ] --END-- [ RunTime:0.001000s ]
NOTIC: [8192] mysql_connect(): The mysql extension is deprecated and will be removed in the future: use mysqli or PDO instead D:\wamp\www\wwwroot\ThinkPHP\Library\Think\Session\Driver\Db.class.php 第 95 行.
NOTIC: [8] Undefined index: key D:\wamp\www\wwwroot\Application\Api\Controller\IndexController.class.php 第 10 行.
NOTIC: [8] Undefined index: msg D:\wamp\www\wwwroot\Application\Api\Controller\IndexController.class.php 第 12 行.
NOTIC: [8] Use of undefined constant msg - assumed 'msg' D:\wamp\www\wwwroot\Application\Api\Controller\IndexController.class.php 第 15 行.
NOTIC: [8] Undefined index: msg D:\wamp\www\wwwroot\Application\Api\Controller\IndexController.class.php 第 15 行.
NOTIC: [8] Undefined variable: arr D:\wamp\www\wwwroot\Application\Api\Controller\IndexController.class.php 第 39 行.
NOTIC: [2] array_rand() expects parameter 1 to be array, null given D:\wamp\www\wwwroot\Application\Api\Controller\IndexController.class.php 第 39 行.
NOTIC: [8] Undefined variable: arr D:\wamp\www\wwwroot\Application\Api\Controller\IndexController.class.php 第 41 行.
SQL: SHOW COLUMNS FROM `ro_conversation` [ RunTime:0.0770s ]
SQL: INSERT INTO `ro_conversation` (`uid`,`time`) VALUES ('rainbow','2018-06-11 03:06:29') [ RunTime:0.0910s ]
NOTIC: [8] Undefined variable: arr D:\wamp\www\wwwroot\Application\Api\Controller\IndexController.class.php 第 42 行.
INFO: [ app_end ] --START--
INFO: Run Behavior\ShowPageTraceBehavior [ RunTime:0.001000s ]
INFO: [ app_end ] --END-- [ RunTime:0.001000s ]

[ 2018-06-11T03:28:51+08:00 ] ::1 /wwwroot/api
INFO: [ app_init ] --START--
INFO: Run Behavior\BuildLiteBehavior [ RunTime:0.000000s ]
INFO: Run Common\Behavior\InitHookBehavior [ RunTime:0.003000s ]
INFO: [ app_init ] --END-- [ RunTime:0.005000s ]
INFO: [ app_begin ] --START--
INFO: Run Behavior\ReadHtmlCacheBehavior [ RunTime:0.000000s ]
INFO: [ app_begin ] --END-- [ RunTime:0.000000s ]
NOTIC: [8192] mysql_connect(): The mysql extension is deprecated and will be removed in the future: use mysqli or PDO instead D:\wamp\www\wwwroot\ThinkPHP\Library\Think\Session\Driver\Db.class.php 第 95 行.
NOTIC: [8] Undefined index: key D:\wamp\www\wwwroot\Application\Api\Controller\IndexController.class.php 第 10 行.
NOTIC: [8] Undefined index: msg D:\wamp\www\wwwroot\Application\Api\Controller\IndexController.class.php 第 12 行.
NOTIC: [8] Use of undefined constant msg - assumed 'msg' D:\wamp\www\wwwroot\Application\Api\Controller\IndexController.class.php 第 15 行.
NOTIC: [8] Undefined index: msg D:\wamp\www\wwwroot\Application\Api\Controller\IndexController.class.php 第 15 行.
NOTIC: [8] Undefined variable: arr D:\wamp\www\wwwroot\Application\Api\Controller\IndexController.class.php 第 39 行.
NOTIC: [2] array_rand() expects parameter 1 to be array, null given D:\wamp\www\wwwroot\Application\Api\Controller\IndexController.class.php 第 39 行.
NOTIC: [8] Undefined variable: arr D:\wamp\www\wwwroot\Application\Api\Controller\IndexController.class.php 第 41 行.
SQL: SHOW COLUMNS FROM `ro_conversation` [ RunTime:0.0750s ]
SQL: INSERT INTO `ro_conversation` (`uid`,`time`) VALUES ('rainbow','2018-06-11 03:06:50') [ RunTime:0.0780s ]
NOTIC: [8] Undefined variable: arr D:\wamp\www\wwwroot\Application\Api\Controller\IndexController.class.php 第 42 行.
INFO: [ app_end ] --START--
INFO: Run Behavior\ShowPageTraceBehavior [ RunTime:0.001000s ]
INFO: [ app_end ] --END-- [ RunTime:0.003001s ]

[ 2018-06-11T03:30:28+08:00 ] ::1 /wwwroot/api
INFO: [ app_init ] --START--
INFO: Run Behavior\BuildLiteBehavior [ RunTime:0.000000s ]
INFO: Run Common\Behavior\InitHookBehavior [ RunTime:0.003000s ]
INFO: [ app_init ] --END-- [ RunTime:0.004000s ]
INFO: [ app_begin ] --START--
INFO: Run Behavior\ReadHtmlCacheBehavior [ RunTime:0.001000s ]
INFO: [ app_begin ] --END-- [ RunTime:0.001000s ]
NOTIC: [8192] mysql_connect(): The mysql extension is deprecated and will be removed in the future: use mysqli or PDO instead D:\wamp\www\wwwroot\ThinkPHP\Library\Think\Session\Driver\Db.class.php 第 95 行.
NOTIC: [8] Undefined index: key D:\wamp\www\wwwroot\Application\Api\Controller\IndexController.class.php 第 10 行.
NOTIC: [8] Undefined index: msg D:\wamp\www\wwwroot\Application\Api\Controller\IndexController.class.php 第 12 行.
NOTIC: [8] Use of undefined constant msg - assumed 'msg' D:\wamp\www\wwwroot\Application\Api\Controller\IndexController.class.php 第 15 行.
NOTIC: [8] Undefined index: msg D:\wamp\www\wwwroot\Application\Api\Controller\IndexController.class.php 第 15 行.
NOTIC: [8] Undefined variable: arr D:\wamp\www\wwwroot\Application\Api\Controller\IndexController.class.php 第 39 行.
NOTIC: [2] array_rand() expects parameter 1 to be array, null given D:\wamp\www\wwwroot\Application\Api\Controller\IndexController.class.php 第 39 行.
NOTIC: [8] Undefined variable: arr D:\wamp\www\wwwroot\Application\Api\Controller\IndexController.class.php 第 41 行.
SQL: SHOW COLUMNS FROM `ro_conversation` [ RunTime:0.0750s ]
SQL: INSERT INTO `ro_conversation` (`uid`,`time`) VALUES ('rainbow','2018-06-11 03:06:28') [ RunTime:0.0750s ]
NOTIC: [8] Undefined variable: arr D:\wamp\www\wwwroot\Application\Api\Controller\IndexController.class.php 第 42 行.
INFO: [ app_end ] --START--
INFO: Run Behavior\ShowPageTraceBehavior [ RunTime:0.001000s ]
INFO: [ app_end ] --END-- [ RunTime:0.001000s ]

[ 2018-06-11T03:30:44+08:00 ] ::1 /wwwroot/api
INFO: [ app_init ] --START--
INFO: Run Behavior\BuildLiteBehavior [ RunTime:0.000000s ]
INFO: Run Common\Behavior\InitHookBehavior [ RunTime:0.003001s ]
INFO: [ app_init ] --END-- [ RunTime:0.003001s ]
INFO: [ app_begin ] --START--
INFO: Run Behavior\ReadHtmlCacheBehavior [ RunTime:0.000000s ]
INFO: [ app_begin ] --END-- [ RunTime:0.001000s ]
NOTIC: [8192] mysql_connect(): The mysql extension is deprecated and will be removed in the future: use mysqli or PDO instead D:\wamp\www\wwwroot\ThinkPHP\Library\Think\Session\Driver\Db.class.php 第 95 行.
NOTIC: [8] Undefined index: key D:\wamp\www\wwwroot\Application\Api\Controller\IndexController.class.php 第 10 行.
NOTIC: [8] Undefined index: msg D:\wamp\www\wwwroot\Application\Api\Controller\IndexController.class.php 第 12 行.
NOTIC: [8] Use of undefined constant msg - assumed 'msg' D:\wamp\www\wwwroot\Application\Api\Controller\IndexController.class.php 第 15 行.
NOTIC: [8] Undefined index: msg D:\wamp\www\wwwroot\Application\Api\Controller\IndexController.class.php 第 15 行.
NOTIC: [8] Undefined variable: arr D:\wamp\www\wwwroot\Application\Api\Controller\IndexController.class.php 第 39 行.
NOTIC: [2] array_rand() expects parameter 1 to be array, null given D:\wamp\www\wwwroot\Application\Api\Controller\IndexController.class.php 第 39 行.
NOTIC: [8] Undefined variable: arr D:\wamp\www\wwwroot\Application\Api\Controller\IndexController.class.php 第 41 行.
SQL: SHOW COLUMNS FROM `ro_conversation` [ RunTime:0.0860s ]
SQL: INSERT INTO `ro_conversation` (`uid`,`time`) VALUES ('rainbow','2018-06-11 03:06:44') [ RunTime:0.0800s ]
NOTIC: [8] Undefined variable: arr D:\wamp\www\wwwroot\Application\Api\Controller\IndexController.class.php 第 42 行.
INFO: [ app_end ] --START--
INFO: Run Behavior\ShowPageTraceBehavior [ RunTime:0.002000s ]
INFO: [ app_end ] --END-- [ RunTime:0.002000s ]

