[ 2018-06-11T02:12:44+08:00 ] ::1 /wwwroot/seixin
INFO: [ app_init ] --START--
INFO: Run Behavior\BuildLiteBehavior [ RunTime:0.000000s ]
INFO: Run Common\Behavior\InitHookBehavior [ RunTime:0.003000s ]
INFO: [ app_init ] --END-- [ RunTime:0.003000s ]
INFO: [ app_begin ] --START--
INFO: Run Behavior\ReadHtmlCacheBehavior [ RunTime:0.001000s ]
INFO: [ app_begin ] --END-- [ RunTime:0.001000s ]
NOTIC: [8192] mysql_connect(): The mysql extension is deprecated and will be removed in the future: use mysqli or PDO instead D:\wamp\www\wwwroot\ThinkPHP\Library\Think\Session\Driver\Db.class.php 第 95 行.
NOTIC: [8] Undefined index: robotid D:\wamp\www\wwwroot\Application\Seixin\Controller\IndexController.class.php 第 7 行.
NOTIC: [8] Undefined index: robotnickname D:\wamp\www\wwwroot\Application\Seixin\Controller\IndexController.class.php 第 8 行.
NOTIC: [8192] preg_replace(): The /e modifier is deprecated, use preg_replace_callback instead D:\wamp\www\wwwroot\Application\Seixin\Controller\IndexController.class.php 第 56 行.
NOTIC: [8] Undefined index: mid D:\wamp\www\wwwroot\Application\Seixin\Controller\IndexController.class.php 第 9 行.
NOTIC: [8] Undefined index: nickname D:\wamp\www\wwwroot\Application\Seixin\Controller\IndexController.class.php 第 10 行.
NOTIC: [8192] preg_replace(): The /e modifier is deprecated, use preg_replace_callback instead D:\wamp\www\wwwroot\Application\Seixin\Controller\IndexController.class.php 第 56 行.
NOTIC: [8] Undefined index: sex D:\wamp\www\wwwroot\Application\Seixin\Controller\IndexController.class.php 第 11 行.
NOTIC: [8] Undefined index: content D:\wamp\www\wwwroot\Application\Seixin\Controller\IndexController.class.php 第 12 行.
NOTIC: [8192] preg_replace(): The /e modifier is deprecated, use preg_replace_callback instead D:\wamp\www\wwwroot\Application\Seixin\Controller\IndexController.class.php 第 56 行.
NOTIC: [8] Undefined index: msgid D:\wamp\www\wwwroot\Application\Seixin\Controller\IndexController.class.php 第 13 行.
NOTIC: [8] Undefined index: msgtype D:\wamp\www\wwwroot\Application\Seixin\Controller\IndexController.class.php 第 14 行.
SQL: SHOW COLUMNS FROM `ro_wx` [ RunTime:0.0760s ]
SQL: SELECT `keys` FROM `ro_wx` WHERE `weixin_id` IN ('wxid_ctrehftn2bny22') LIMIT 1   [ RunTime:0.0790s ]
SQL: SHOW COLUMNS FROM `ro_seixin` [ RunTime:0.0980s ]
SQL: INSERT INTO `ro_seixin` (`robotnickname`,`nickname`,`cust_said`,`time`,`robot_said`) VALUES ('','','','2018-06-11 02:12:44','怎么，你不喜欢吗？') [ RunTime:0.0760s ]
INFO: [ app_end ] --START--
INFO: Run Behavior\ShowPageTraceBehavior [ RunTime:0.002000s ]
INFO: [ app_end ] --END-- [ RunTime:0.004001s ]

[ 2018-06-11T02:24:42+08:00 ] ::1 /wwwroot/Seixin/index
INFO: [ app_init ] --START--
INFO: Run Behavior\BuildLiteBehavior [ RunTime:0.000000s ]
INFO: Run Common\Behavior\InitHookBehavior [ RunTime:0.002000s ]
INFO: [ app_init ] --END-- [ RunTime:0.003000s ]
INFO: [ app_begin ] --START--
INFO: Run Behavior\ReadHtmlCacheBehavior [ RunTime:0.000000s ]
INFO: [ app_begin ] --END-- [ RunTime:0.000000s ]
NOTIC: [8192] mysql_connect(): The mysql extension is deprecated and will be removed in the future: use mysqli or PDO instead D:\wamp\www\wwwroot\ThinkPHP\Library\Think\Session\Driver\Db.class.php 第 95 行.
NOTIC: [8] Undefined index: robotid D:\wamp\www\wwwroot\Application\Seixin\Controller\IndexController.class.php 第 7 行.
NOTIC: [8] Undefined index: robotnickname D:\wamp\www\wwwroot\Application\Seixin\Controller\IndexController.class.php 第 8 行.
NOTIC: [8192] preg_replace(): The /e modifier is deprecated, use preg_replace_callback instead D:\wamp\www\wwwroot\Application\Seixin\Controller\IndexController.class.php 第 55 行.
NOTIC: [8] Undefined index: mid D:\wamp\www\wwwroot\Application\Seixin\Controller\IndexController.class.php 第 9 行.
NOTIC: [8] Undefined index: nickname D:\wamp\www\wwwroot\Application\Seixin\Controller\IndexController.class.php 第 10 行.
NOTIC: [8192] preg_replace(): The /e modifier is deprecated, use preg_replace_callback instead D:\wamp\www\wwwroot\Application\Seixin\Controller\IndexController.class.php 第 55 行.
NOTIC: [8] Undefined index: sex D:\wamp\www\wwwroot\Application\Seixin\Controller\IndexController.class.php 第 11 行.
NOTIC: [8] Undefined index: content D:\wamp\www\wwwroot\Application\Seixin\Controller\IndexController.class.php 第 12 行.
NOTIC: [8192] preg_replace(): The /e modifier is deprecated, use preg_replace_callback instead D:\wamp\www\wwwroot\Application\Seixin\Controller\IndexController.class.php 第 55 行.
NOTIC: [8] Undefined index: msgid D:\wamp\www\wwwroot\Application\Seixin\Controller\IndexController.class.php 第 13 行.
NOTIC: [8] Undefined index: msgtype D:\wamp\www\wwwroot\Application\Seixin\Controller\IndexController.class.php 第 14 行.
SQL: SHOW COLUMNS FROM `ro_wx` [ RunTime:0.0820s ]
SQL: SELECT `keys` FROM `ro_wx` WHERE `weixin_id` IN ('wxid_ctrehftn2bny22') LIMIT 1   [ RunTime:0.0800s ]
NOTIC: [8] Undefined variable: arr D:\wamp\www\wwwroot\Application\Seixin\Controller\IndexController.class.php 第 38 行.
NOTIC: [2] array_rand() expects parameter 1 to be array, null given D:\wamp\www\wwwroot\Application\Seixin\Controller\IndexController.class.php 第 38 行.
NOTIC: [8] Undefined variable: arr D:\wamp\www\wwwroot\Application\Seixin\Controller\IndexController.class.php 第 39 行.
SQL: SELECT `noanswer` FROM `ro_wx` WHERE `weixin_id` IN ('wxid_ctrehftn2bny22') LIMIT 1   [ RunTime:0.0790s ]
SQL: SHOW COLUMNS FROM `ro_seixin` [ RunTime:0.0850s ]
SQL: INSERT INTO `ro_seixin` (`robotnickname`,`nickname`,`cust_said`,`time`,`robot_said`) VALUES ('','','','2018-06-11 02:24:42','这些我还没有学会怎么回答你，我会在最近几天认真学习，下次我就能回答你了。可以不？') [ RunTime:0.0870s ]
INFO: [ app_end ] --START--
INFO: Run Behavior\ShowPageTraceBehavior [ RunTime:0.001000s ]
INFO: [ app_end ] --END-- [ RunTime:0.002000s ]

[ 2018-06-11T02:27:47+08:00 ] ::1 /wwwroot/Seixin/index
INFO: [ app_init ] --START--
INFO: Run Behavior\BuildLiteBehavior [ RunTime:0.000000s ]
INFO: Run Common\Behavior\InitHookBehavior [ RunTime:0.002001s ]
INFO: [ app_init ] --END-- [ RunTime:0.002001s ]
INFO: [ app_begin ] --START--
INFO: Run Behavior\ReadHtmlCacheBehavior [ RunTime:0.000000s ]
INFO: [ app_begin ] --END-- [ RunTime:0.001000s ]
NOTIC: [8192] mysql_connect(): The mysql extension is deprecated and will be removed in the future: use mysqli or PDO instead D:\wamp\www\wwwroot\ThinkPHP\Library\Think\Session\Driver\Db.class.php 第 95 行.
NOTIC: [8] Undefined index: robotid D:\wamp\www\wwwroot\Application\Seixin\Controller\IndexController.class.php 第 7 行.
NOTIC: [8] Undefined index: robotnickname D:\wamp\www\wwwroot\Application\Seixin\Controller\IndexController.class.php 第 8 行.
NOTIC: [8192] preg_replace(): The /e modifier is deprecated, use preg_replace_callback instead D:\wamp\www\wwwroot\Application\Seixin\Controller\IndexController.class.php 第 57 行.
NOTIC: [8] Undefined index: mid D:\wamp\www\wwwroot\Application\Seixin\Controller\IndexController.class.php 第 9 行.
NOTIC: [8] Undefined index: nickname D:\wamp\www\wwwroot\Application\Seixin\Controller\IndexController.class.php 第 10 行.
NOTIC: [8192] preg_replace(): The /e modifier is deprecated, use preg_replace_callback instead D:\wamp\www\wwwroot\Application\Seixin\Controller\IndexController.class.php 第 57 行.
NOTIC: [8] Undefined index: sex D:\wamp\www\wwwroot\Application\Seixin\Controller\IndexController.class.php 第 11 行.
NOTIC: [8] Undefined index: content D:\wamp\www\wwwroot\Application\Seixin\Controller\IndexController.class.php 第 12 行.
NOTIC: [8192] preg_replace(): The /e modifier is deprecated, use preg_replace_callback instead D:\wamp\www\wwwroot\Application\Seixin\Controller\IndexController.class.php 第 57 行.
NOTIC: [8] Undefined index: msgid D:\wamp\www\wwwroot\Application\Seixin\Controller\IndexController.class.php 第 13 行.
NOTIC: [8] Undefined index: msgtype D:\wamp\www\wwwroot\Application\Seixin\Controller\IndexController.class.php 第 14 行.
SQL: SHOW COLUMNS FROM `ro_wx` [ RunTime:0.0810s ]
SQL: SELECT `keys` FROM `ro_wx` WHERE `weixin_id` IN ('wxid_ctrehftn2bny22') LIMIT 1   [ RunTime:0.0770s ]
NOTIC: [8] Undefined variable: arr D:\wamp\www\wwwroot\Application\Seixin\Controller\IndexController.class.php 第 38 行.
NOTIC: [2] array_rand() expects parameter 1 to be array, null given D:\wamp\www\wwwroot\Application\Seixin\Controller\IndexController.class.php 第 38 行.
NOTIC: [8] Undefined variable: arr D:\wamp\www\wwwroot\Application\Seixin\Controller\IndexController.class.php 第 39 行.
SQL: SELECT `noanswer` FROM `ro_wx` WHERE `weixin_id` IN ('wxid_ctrehftn2bny22') LIMIT 1   [ RunTime:0.0790s ]
SQL: SHOW COLUMNS FROM `ro_seixin` [ RunTime:0.0810s ]
SQL: INSERT INTO `ro_seixin` (`robotnickname`,`nickname`,`cust_said`,`time`,`robot_said`,`keys`) VALUES ('','','','2018-06-11 02:27:46','这些我还没有学会怎么回答你，我会在最近几天认真学习，下次我就能回答你了。可以不？','6b909ce7159fb317b970ee844496e850') [ RunTime:0.0810s ]
INFO: [ app_end ] --START--
INFO: Run Behavior\ShowPageTraceBehavior [ RunTime:0.002000s ]
INFO: [ app_end ] --END-- [ RunTime:0.002000s ]

